#
# A fatal error has been detected by the Java Runtime Environment:
#
#  SIGSEGV (0xb) at pc=0x000000011bc10e43, pid=41611, tid=49415
#
# JRE version: Java(TM) SE Runtime Environment (8.0_66-b17) (build 1.8.0_66-b17)
# Java VM: Java HotSpot(TM) 64-Bit Server VM (25.66-b17 mixed mode bsd-amd64 compressed oops)
# Problematic frame:
# C  [libawt_lwawt.dylib+0x1ae43]  OGLSD_SetScratchSurface+0x49
#
# Failed to write core dump. Core dumps have been disabled. To enable core dumping, try "ulimit -c unlimited" before starting Java again
#
# If you would like to submit a bug report, please visit:
#   http://bugreport.java.com/bugreport/crash.jsp
# The crash happened outside the Java Virtual Machine in native code.
# See problematic frame for where to report the bug.
#

---------------  T H R E A D  ---------------

Current thread (0x00007fe20b1b8800):  JavaThread "Java2D Queue Flusher" daemon [_thread_in_native, id=49415, stack(0x000000011fdf4000,0x000000011fef4000)]

siginfo: si_signo: 11 (SIGSEGV), si_code: 0 (unknown), si_addr: 0x0000000000000000

Registers:
RAX=0x00000000ffffffff, RBX=0x3ff0000000000000, RCX=0x0000000000000047, RDX=0x000000011bc318ec
RSP=0x000000011fef3710, RBP=0x000000011fef3730, RSI=0x00007fe20af81b50, RDI=0x00007fe20b1b89f8
R8 =0x0000000000000cc4, R9 =0x0000000000000060, R10=0x0000000103b94b38, R11=0x0000000000000202
R12=0x0000000000000000, R13=0x0000000104261dc4, R14=0x00007fe20b1b89f8, R15=0x00007fe20b1b8800
RIP=0x000000011bc10e43, EFLAGS=0x0000000000010206, ERR=0x0000000000000000
  TRAPNO=0x000000000000000d

Top of Stack: (sp=0x000000011fef3710)
0x000000011fef3710:   00007fe20af81b50 0000000000000000
0x000000011fef3720:   00007fe20b1bc010 00007fe20b1b8800
0x000000011fef3730:   000000011fef37b0 000000011bc313ca
0x000000011fef3740:   000000001fef3878 000000018346dd00
0x000000011fef3750:   0000000000000000 0000000104261dc4
0x000000011fef3760:   000000011fef3780 0000000000000064
0x000000011fef3770:   00007fe20b05fd58 00007fe20b1bc020
0x000000011fef3780:   00007fe2001b8800 00007fe20b1b89f8
0x000000011fef3790:   000000018346dd00 0000000000000000
0x000000011fef37a0:   000000011fef3878 00007fe20b1b8800
0x000000011fef37b0:   000000011fef3800 0000000103b94baa
0x000000011fef37c0:   000000074027a8d0 0000000102d4bc08
0x000000011fef37d0:   0000000000000005 00007fe20b1b8800
0x000000011fef37e0:   000000074027a901 00007fe20ac1c4c0
0x000000011fef37f0:   000000011fef3800 00007fe20b1b8800
0x000000011fef3800:   000000011fef39d0 0000000103f81afc
0x000000011fef3810:   000000011fef3878 00007fe20b1b8800
0x000000011fef3820:   000000011fef3870 0000000103cdb068
0x000000011fef3830:   000000074027a9a8 000000011fef3878
0x000000011fef3840:   00000001183b7438 0000000000000000
0x000000011fef3850:   00000001183b73c8 0000000000000000
0x000000011fef3860:   000000074027a8d0 000000011fef39d0
0x000000011fef3870:   000000011fef39d0 0000000104261cbc
0x000000011fef3880:   0000000000000041 00000001181ade08
0x000000011fef3890:   0000000000000000 0000000000000000
0x000000011fef38a0:   0000000000000000 0000000100000000
0x000000011fef38b0:   00000000000000db 0000000000000000
0x000000011fef38c0:   000000011fef3968 00007fe20b1b8800
0x000000011fef38d0:   000000011fef3940 0000000103aa7acc
0x000000011fef38e0:   0000000100000001 000000074027d130
0x000000011fef38f0:   000000074027a9a8 0000000700000000
0x000000011fef3900:   000000011fef38f0 0000000104260f50 

Instructions: (pc=0x000000011bc10e43)
0x000000011bc10e23:   c0 e9 82 00 00 00 48 8b 5e 10 48 85 db 75 0e bf
0x000000011bc10e33:   01 00 00 00 48 8d 15 fd 75 03 00 eb d6 49 89 fe
0x000000011bc10e43:   4c 8b 3b 30 c0 e8 c5 a2 02 00 49 8b 3f 49 89 c4
0x000000011bc10e53:   48 8b 35 a6 f7 05 00 30 c0 e8 cb a3 02 00 48 85 

Register to memory mapping:

RAX=0x00000000ffffffff is an unknown value
RBX=0x3ff0000000000000 is an unknown value
RCX=0x0000000000000047 is an unknown value
RDX=0x000000011bc318ec: Java_sun_java2d_opengl_OGLRenderQueue_flushBuffer+0xb5c in /Library/Java/JavaVirtualMachines/jdk1.8.0_66.jdk/Contents/Home/jre/lib/libawt_lwawt.dylib at 0x000000011bbf6000
RSP=0x000000011fef3710 is pointing into the stack for thread: 0x00007fe20b1b8800
RBP=0x000000011fef3730 is pointing into the stack for thread: 0x00007fe20b1b8800
RSI=0x00007fe20af81b50 is an unknown value
RDI=0x00007fe20b1b89f8 is an unknown value
R8 =0x0000000000000cc4 is an unknown value
R9 =0x0000000000000060 is an unknown value
R10=0x0000000103b94b38 is at entry_point+56 in (nmethod*)0x0000000103b94990
R11=0x0000000000000202 is an unknown value
R12=0x0000000000000000 is an unknown value
R13=0x0000000104261dc4 is at entry_point+2756 in (nmethod*)0x0000000104260f50
R14=0x00007fe20b1b89f8 is an unknown value
R15=0x00007fe20b1b8800 is a thread


Stack: [0x000000011fdf4000,0x000000011fef4000],  sp=0x000000011fef3710,  free space=1021k
Native frames: (J=compiled Java code, j=interpreted, Vv=VM code, C=native code)
C  [libawt_lwawt.dylib+0x1ae43]  OGLSD_SetScratchSurface+0x49
C  [libawt_lwawt.dylib+0x3b3ca]  Java_sun_java2d_opengl_OGLRenderQueue_flushBuffer+0x63a
J 1426  sun.java2d.opengl.OGLRenderQueue.flushBuffer(JI)V (0 bytes) @ 0x0000000103b94baa [0x0000000103b94b00+0xaa]
J 1503 C1 sun.java2d.opengl.OGLRenderQueue.flushBuffer()V (41 bytes) @ 0x0000000103f81afc [0x0000000103f818a0+0x25c]
J 2696% C1 sun.java2d.opengl.OGLRenderQueue$QueueFlusher.run()V (234 bytes) @ 0x0000000104261cbc [0x0000000104261300+0x9bc]
v  ~StubRoutines::call_stub
V  [libjvm.dylib+0x2ea35e]
V  [libjvm.dylib+0x2eaaec]
V  [libjvm.dylib+0x2eac98]
V  [libjvm.dylib+0x345215]
V  [libjvm.dylib+0x560b83]
V  [libjvm.dylib+0x56227e]
V  [libjvm.dylib+0x482cd6]
C  [libsystem_pthread.dylib+0x3268]  _pthread_body+0x83
C  [libsystem_pthread.dylib+0x31e5]  _pthread_body+0x0
C  [libsystem_pthread.dylib+0x141d]  thread_start+0xd
C  0x0000000000000000

Java frames: (J=compiled Java code, j=interpreted, Vv=VM code)
J 1426  sun.java2d.opengl.OGLRenderQueue.flushBuffer(JI)V (0 bytes) @ 0x0000000103b94b38 [0x0000000103b94b00+0x38]
J 1503 C1 sun.java2d.opengl.OGLRenderQueue.flushBuffer()V (41 bytes) @ 0x0000000103f81afc [0x0000000103f818a0+0x25c]
J 2696% C1 sun.java2d.opengl.OGLRenderQueue$QueueFlusher.run()V (234 bytes) @ 0x0000000104261cbc [0x0000000104261300+0x9bc]
v  ~StubRoutines::call_stub

---------------  P R O C E S S  ---------------

Java Threads: ( => current thread )
  0x00007fe20b968000 JavaThread "DestroyJavaVM" [_thread_blocked, id=3591, stack(0x0000000103987000,0x0000000103a87000)]
  0x00007fe20b4aa000 JavaThread "TimerQueue" daemon [_thread_blocked, id=56627, stack(0x0000000182286000,0x0000000182386000)]
  0x00007fe20c149800 JavaThread "AWT-EventQueue-0" [_thread_in_native, id=55559, stack(0x000000018057c000,0x000000018067c000)]
  0x00007fe20c139800 JavaThread "Java2D Disposer" daemon [_thread_blocked, id=50967, stack(0x0000000120767000,0x0000000120867000)]
=>0x00007fe20b1b8800 JavaThread "Java2D Queue Flusher" daemon [_thread_in_native, id=49415, stack(0x000000011fdf4000,0x000000011fef4000)]
  0x00007fe20b008000 JavaThread "AWT-Shutdown" [_thread_blocked, id=28179, stack(0x000000011d4b2000,0x000000011d5b2000)]
  0x00007fe20c981800 JavaThread "AppKit Thread" daemon [_thread_blocked, id=8207, stack(0x00007fff5d370000,0x00007fff5db70000)]
  0x00007fe20b09a000 JavaThread "Service Thread" daemon [_thread_blocked, id=18179, stack(0x000000011b847000,0x000000011b947000)]
  0x00007fe20b097000 JavaThread "C1 CompilerThread2" daemon [_thread_blocked, id=17667, stack(0x000000011b744000,0x000000011b844000)]
  0x00007fe20b096800 JavaThread "C2 CompilerThread1" daemon [_thread_blocked, id=17155, stack(0x000000011b641000,0x000000011b741000)]
  0x00007fe20b094800 JavaThread "C2 CompilerThread0" daemon [_thread_blocked, id=16643, stack(0x000000011b53e000,0x000000011b63e000)]
  0x00007fe20b032800 JavaThread "Signal Dispatcher" daemon [_thread_blocked, id=16399, stack(0x000000011b43b000,0x000000011b53b000)]
  0x00007fe20c816800 JavaThread "Finalizer" daemon [_thread_blocked, id=11523, stack(0x00000001199fe000,0x0000000119afe000)]
  0x00007fe20c816000 JavaThread "Reference Handler" daemon [_thread_blocked, id=11011, stack(0x00000001198fb000,0x00000001199fb000)]

Other Threads:
  0x00007fe20b05a000 VMThread [stack: 0x00000001197f8000,0x00000001198f8000] [id=10499]
  0x00007fe20b065800 WatcherThread [stack: 0x000000011b94a000,0x000000011ba4a000] [id=18691]

VM state:not at safepoint (normal execution)

VM Mutex/Monitor currently owned by a thread: None

Heap:
 PSYoungGen      total 8704K, used 103K [0x0000000795580000, 0x0000000796180000, 0x00000007c0000000)
  eden space 5120K, 2% used [0x0000000795580000,0x0000000795599e78,0x0000000795a80000)
  from space 3584K, 0% used [0x0000000795e00000,0x0000000795e00000,0x0000000796180000)
  to   space 3584K, 0% used [0x0000000795a80000,0x0000000795a80000,0x0000000795e00000)
 ParOldGen       total 16896K, used 6444K [0x0000000740000000, 0x0000000741080000, 0x0000000795580000)
  object space 16896K, 38% used [0x0000000740000000,0x000000074064b150,0x0000000741080000)
 Metaspace       used 16369K, capacity 16604K, committed 16768K, reserved 1064960K
  class space    used 1990K, capacity 2090K, committed 2176K, reserved 1048576K

Card table byte_map: [0x0000000112e49000,0x000000011324a000] byte_map_base: 0x000000010f449000

Marking Bits: (ParMarkBitMap*) 0x00000001032dde20
 Begin Bits: [0x0000000113901000, 0x0000000115901000)
 End Bits:   [0x0000000115901000, 0x0000000117901000)

Polling page: 0x00000001021e9000

CodeCache: size=245760Kb used=8084Kb max_used=8114Kb free=237675Kb
 bounds [0x0000000103a89000, 0x0000000104289000, 0x0000000112a89000]
 total_blobs=3000 nmethods=2410 adapters=502
 compilation: enabled

Compilation events (10 events):
Event: 5876.563 Thread 0x00007fe20b097000 2720       3       javax.swing.text.AbstractDocument::fireUndoableEditUpdate (46 bytes)
Event: 5876.564 Thread 0x00007fe20b097000 nmethod 2720 0x0000000103ec6550 code [0x0000000103ec66e0, 0x0000000103ec6ba8]
Event: 5878.793 Thread 0x00007fe20b096800 2721       4       java.awt.Color::getTransparency (22 bytes)
Event: 5878.794 Thread 0x00007fe20b096800 nmethod 2721 0x0000000103ea7310 code [0x0000000103ea7460, 0x0000000103ea74f8]
Event: 5879.051 Thread 0x00007fe20b097000 2722       3       sun.lwawt.LWTextAreaPeer::getDelegateFocusOwner (5 bytes)
Event: 5879.051 Thread 0x00007fe20b097000 nmethod 2722 0x0000000103ea7bd0 code [0x0000000103ea7da0, 0x0000000103ea87b8]
Event: 5879.051 Thread 0x00007fe20b097000 2723   !   3       sun.lwawt.LWKeyboardFocusManagerPeer::setCurrentFocusOwner (20 bytes)
Event: 5879.052 Thread 0x00007fe20b097000 nmethod 2723 0x0000000103e5ab10 code [0x0000000103e5ac80, 0x0000000103e5af90]
Event: 5879.187 Thread 0x00007fe20b097000 2724       3       sun.awt.CausedFocusEvent::<init> (26 bytes)
Event: 5879.188 Thread 0x00007fe20b097000 nmethod 2724 0x0000000103ed1250 code [0x0000000103ed13e0, 0x0000000103ed16e8]

GC Heap History (10 events):
Event: 3044.719 GC heap before
{Heap before GC invocations=161 (full 23):
 PSYoungGen      total 8704K, used 523K [0x0000000795580000, 0x0000000796280000, 0x00000007c0000000)
  eden space 4608K, 11% used [0x0000000795580000,0x0000000795602fe0,0x0000000795a00000)
  from space 4096K, 0% used [0x0000000795a00000,0x0000000795a00000,0x0000000795e00000)
  to   space 4096K, 0% used [0x0000000795e80000,0x0000000795e80000,0x0000000796280000)
 ParOldGen       total 16896K, used 10510K [0x0000000740000000, 0x0000000741080000, 0x0000000795580000)
  object space 16896K, 62% used [0x0000000740000000,0x0000000740a43a30,0x0000000741080000)
 Metaspace       used 16356K, capacity 16604K, committed 16768K, reserved 1064960K
  class space    used 1990K, capacity 2090K, committed 2176K, reserved 1048576K
Event: 3044.720 GC heap after
Heap after GC invocations=161 (full 23):
 PSYoungGen      total 9216K, used 172K [0x0000000795580000, 0x0000000796280000, 0x00000007c0000000)
  eden space 5120K, 0% used [0x0000000795580000,0x0000000795580000,0x0000000795a80000)
  from space 4096K, 4% used [0x0000000795e80000,0x0000000795eab328,0x0000000796280000)
  to   space 4096K, 0% used [0x0000000795a80000,0x0000000795a80000,0x0000000795e80000)
 ParOldGen       total 16896K, used 10510K [0x0000000740000000, 0x0000000741080000, 0x0000000795580000)
  object space 16896K, 62% used [0x0000000740000000,0x0000000740a43a30,0x0000000741080000)
 Metaspace       used 16356K, capacity 16604K, committed 16768K, reserved 1064960K
  class space    used 1990K, capacity 2090K, committed 2176K, reserved 1048576K
}
Event: 3044.720 GC heap before
{Heap before GC invocations=162 (full 24):
 PSYoungGen      total 9216K, used 172K [0x0000000795580000, 0x0000000796280000, 0x00000007c0000000)
  eden space 5120K, 0% used [0x0000000795580000,0x0000000795580000,0x0000000795a80000)
  from space 4096K, 4% used [0x0000000795e80000,0x0000000795eab328,0x0000000796280000)
  to   space 4096K, 0% used [0x0000000795a80000,0x0000000795a80000,0x0000000795e80000)
 ParOldGen       total 16896K, used 10510K [0x0000000740000000, 0x0000000741080000, 0x0000000795580000)
  object space 16896K, 62% used [0x0000000740000000,0x0000000740a43a30,0x0000000741080000)
 Metaspace       used 16356K, capacity 16604K, committed 16768K, reserved 1064960K
  class space    used 1990K, capacity 2090K, committed 2176K, reserved 1048576K
Event: 3044.739 GC heap after
Heap after GC invocations=162 (full 24):
 PSYoungGen      total 9216K, used 0K [0x0000000795580000, 0x0000000796280000, 0x00000007c0000000)
  eden space 5120K, 0% used [0x0000000795580000,0x0000000795580000,0x0000000795a80000)
  from space 4096K, 0% used [0x0000000795e80000,0x0000000795e80000,0x0000000796280000)
  to   space 4096K, 0% used [0x0000000795a80000,0x0000000795a80000,0x0000000795e80000)
 ParOldGen       total 16896K, used 10540K [0x0000000740000000, 0x0000000741080000, 0x0000000795580000)
  object space 16896K, 62% used [0x0000000740000000,0x0000000740a4b1c8,0x0000000741080000)
 Metaspace       used 16356K, capacity 16604K, committed 16768K, reserved 1064960K
  class space    used 1990K, capacity 2090K, committed 2176K, reserved 1048576K
}
Event: 5864.843 GC heap before
{Heap before GC invocations=163 (full 24):
 PSYoungGen      total 9216K, used 5120K [0x0000000795580000, 0x0000000796280000, 0x00000007c0000000)
  eden space 5120K, 100% used [0x0000000795580000,0x0000000795a80000,0x0000000795a80000)
  from space 4096K, 0% used [0x0000000795e80000,0x0000000795e80000,0x0000000796280000)
  to   space 4096K, 0% used [0x0000000795a80000,0x0000000795a80000,0x0000000795e80000)
 ParOldGen       total 16896K, used 10540K [0x0000000740000000, 0x0000000741080000, 0x0000000795580000)
  object space 16896K, 62% used [0x0000000740000000,0x0000000740a4b1c8,0x0000000741080000)
 Metaspace       used 16363K, capacity 16604K, committed 16768K, reserved 1064960K
  class space    used 1990K, capacity 2090K, committed 2176K, reserved 1048576K
Event: 5864.844 GC heap after
Heap after GC invocations=163 (full 24):
 PSYoungGen      total 6656K, used 1349K [0x0000000795580000, 0x0000000796180000, 0x00000007c0000000)
  eden space 5120K, 0% used [0x0000000795580000,0x0000000795580000,0x0000000795a80000)
  from space 1536K, 87% used [0x0000000795a80000,0x0000000795bd15e0,0x0000000795c00000)
  to   space 3584K, 0% used [0x0000000795e00000,0x0000000795e00000,0x0000000796180000)
 ParOldGen       total 16896K, used 10540K [0x0000000740000000, 0x0000000741080000, 0x0000000795580000)
  object space 16896K, 62% used [0x0000000740000000,0x0000000740a4b1c8,0x0000000741080000)
 Metaspace       used 16363K, capacity 16604K, committed 16768K, reserved 1064960K
  class space    used 1990K, capacity 2090K, committed 2176K, reserved 1048576K
}
Event: 5879.156 GC heap before
{Heap before GC invocations=164 (full 24):
 PSYoungGen      total 6656K, used 2415K [0x0000000795580000, 0x0000000796180000, 0x00000007c0000000)
  eden space 5120K, 20% used [0x0000000795580000,0x000000079568a9a8,0x0000000795a80000)
  from space 1536K, 87% used [0x0000000795a80000,0x0000000795bd15e0,0x0000000795c00000)
  to   space 3584K, 0% used [0x0000000795e00000,0x0000000795e00000,0x0000000796180000)
 ParOldGen       total 16896K, used 10540K [0x0000000740000000, 0x0000000741080000, 0x0000000795580000)
  object space 16896K, 62% used [0x0000000740000000,0x0000000740a4b1c8,0x0000000741080000)
 Metaspace       used 16369K, capacity 16604K, committed 16768K, reserved 1064960K
  class space    used 1990K, capacity 2090K, committed 2176K, reserved 1048576K
Event: 5879.157 GC heap after
Heap after GC invocations=164 (full 24):
 PSYoungGen      total 8704K, used 128K [0x0000000795580000, 0x0000000796180000, 0x00000007c0000000)
  eden space 5120K, 0% used [0x0000000795580000,0x0000000795580000,0x0000000795a80000)
  from space 3584K, 3% used [0x0000000795e00000,0x0000000795e20000,0x0000000796180000)
  to   space 3584K, 0% used [0x0000000795a80000,0x0000000795a80000,0x0000000795e00000)
 ParOldGen       total 16896K, used 11849K [0x0000000740000000, 0x0000000741080000, 0x0000000795580000)
  object space 16896K, 70% used [0x0000000740000000,0x0000000740b927a8,0x0000000741080000)
 Metaspace       used 16369K, capacity 16604K, committed 16768K, reserved 1064960K
  class space    used 1990K, capacity 2090K, committed 2176K, reserved 1048576K
}
Event: 5879.157 GC heap before
{Heap before GC invocations=165 (full 25):
 PSYoungGen      total 8704K, used 128K [0x0000000795580000, 0x0000000796180000, 0x00000007c0000000)
  eden space 5120K, 0% used [0x0000000795580000,0x0000000795580000,0x0000000795a80000)
  from space 3584K, 3% used [0x0000000795e00000,0x0000000795e20000,0x0000000796180000)
  to   space 3584K, 0% used [0x0000000795a80000,0x0000000795a80000,0x0000000795e00000)
 ParOldGen       total 16896K, used 11849K [0x0000000740000000, 0x0000000741080000, 0x0000000795580000)
  object space 16896K, 70% used [0x0000000740000000,0x0000000740b927a8,0x0000000741080000)
 Metaspace       used 16369K, capacity 16604K, committed 16768K, reserved 1064960K
  class space    used 1990K, capacity 2090K, committed 2176K, reserved 1048576K
Event: 5879.187 GC heap after
Heap after GC invocations=165 (full 25):
 PSYoungGen      total 8704K, used 0K [0x0000000795580000, 0x0000000796180000, 0x00000007c0000000)
  eden space 5120K, 0% used [0x0000000795580000,0x0000000795580000,0x0000000795a80000)
  from space 3584K, 0% used [0x0000000795e00000,0x0000000795e00000,0x0000000796180000)
  to   space 3584K, 0% used [0x0000000795a80000,0x0000000795a80000,0x0000000795e00000)
 ParOldGen       total 16896K, used 6444K [0x0000000740000000, 0x0000000741080000, 0x0000000795580000)
  object space 16896K, 38% used [0x0000000740000000,0x000000074064b150,0x0000000741080000)
 Metaspace       used 16369K, capacity 16604K, committed 16768K, reserved 1064960K
  class space    used 1990K, capacity 2090K, committed 2176K, reserved 1048576K
}

Deoptimization events (10 events):
Event: 2927.321 Thread 0x00007fe20c149800 Uncommon trap: reason=class_check action=maybe_recompile pc=0x0000000103d8607c method=java.util.HashMap.putVal(ILjava/lang/Object;Ljava/lang/Object;ZZ)Ljava/lang/Object; @ 253
Event: 2927.322 Thread 0x00007fe20c149800 Uncommon trap: reason=class_check action=maybe_recompile pc=0x0000000103d8607c method=java.util.HashMap.putVal(ILjava/lang/Object;Ljava/lang/Object;ZZ)Ljava/lang/Object; @ 253
Event: 2927.322 Thread 0x00007fe20c149800 Uncommon trap: reason=unstable_if action=reinterpret pc=0x0000000103cbec2c method=java.util.HashMap.getNode(ILjava/lang/Object;)Ljava/util/HashMap$Node; @ 62
Event: 2977.715 Thread 0x00007fe20c149800 Uncommon trap: reason=unstable_if action=reinterpret pc=0x0000000103e60750 method=sun.lwawt.LWComponentPeer.coalescePaintEvent(Ljava/awt/event/PaintEvent;)V @ 20
Event: 2977.716 Thread 0x00007fe20c149800 Uncommon trap: reason=unstable_if action=reinterpret pc=0x0000000103ca7098 method=java.awt.event.InvocationEvent.finishedDispatching(Z)V @ 40
Event: 2977.724 Thread 0x00007fe20c149800 Uncommon trap: reason=null_check action=make_not_entrant pc=0x00000001040e0250 method=sun.awt.image.ImageCache.getImage(Lsun/awt/image/ImageCache$PixelsKey;)Ljava/awt/Image; @ 72
Event: 2977.725 Thread 0x00007fe20c149800 Uncommon trap: reason=unstable_if action=reinterpret pc=0x00000001040a8c4c method=org.hsqldb.util.Grid.paint(Ljava/awt/Graphics;)V @ 65
Event: 2978.186 Thread 0x00007fe20c139800 Uncommon trap: reason=bimorphic action=maybe_recompile pc=0x00000001041edb0c method=java.util.Hashtable.remove(Ljava/lang/Object;)Ljava/lang/Object; @ 48
Event: 2992.849 Thread 0x00007fe20c149800 Uncommon trap: reason=unstable_if action=reinterpret pc=0x0000000103e5b918 method=java.util.ArrayList.remove(I)Ljava/lang/Object; @ 31
Event: 2997.889 Thread 0x00007fe20c149800 Uncommon trap: reason=unstable_if action=reinterpret pc=0x0000000103e3dc0c method=org.hsqldb.lib.StringConverter.readUTF([BII[C)Ljava/lang/String; @ 41

Internal exceptions (10 events):
Event: 0.093 Thread 0x00007fe20c807000 Exception <a 'java/security/PrivilegedActionException'> (0x000000079564a120) thrown at [/HUDSON3/workspace/8-2-build-macosx-x86_64/jdk8u66/4988/hotspot/src/share/vm/prims/jvm.cpp, line 1386]
Event: 0.112 Thread 0x00007fe20c807000 Exception <a 'java/security/PrivilegedActionException'> (0x00000007956c00b8) thrown at [/HUDSON3/workspace/8-2-build-macosx-x86_64/jdk8u66/4988/hotspot/src/share/vm/prims/jvm.cpp, line 1386]
Event: 0.112 Thread 0x00007fe20c807000 Exception <a 'java/security/PrivilegedActionException'> (0x00000007956c02c8) thrown at [/HUDSON3/workspace/8-2-build-macosx-x86_64/jdk8u66/4988/hotspot/src/share/vm/prims/jvm.cpp, line 1386]
Event: 0.112 Thread 0x00007fe20c807000 Exception <a 'java/security/PrivilegedActionException'> (0x00000007956c3618) thrown at [/HUDSON3/workspace/8-2-build-macosx-x86_64/jdk8u66/4988/hotspot/src/share/vm/prims/jvm.cpp, line 1386]
Event: 0.112 Thread 0x00007fe20c807000 Exception <a 'java/security/PrivilegedActionException'> (0x00000007956c3828) thrown at [/HUDSON3/workspace/8-2-build-macosx-x86_64/jdk8u66/4988/hotspot/src/share/vm/prims/jvm.cpp, line 1386]
Event: 0.155 Thread 0x00007fe20c807000 Exception <a 'java/lang/NoSuchFieldError': method resolution failed> (0x0000000795616ec8) thrown at [/HUDSON3/workspace/8-2-build-macosx-x86_64/jdk8u66/4988/hotspot/src/share/vm/prims/methodHandles.cpp, line 1146]
Event: 0.157 Thread 0x00007fe20c807000 Exception <a 'java/lang/NoSuchFieldError': method resolution failed> (0x00000007956246d0) thrown at [/HUDSON3/workspace/8-2-build-macosx-x86_64/jdk8u66/4988/hotspot/src/share/vm/prims/methodHandles.cpp, line 1146]
Event: 0.339 Thread 0x00007fe20c807000 Exception <a 'java/io/FileNotFoundException'> (0x00000007956a30e0) thrown at [/HUDSON3/workspace/8-2-build-macosx-x86_64/jdk8u66/4988/hotspot/src/share/vm/prims/jni.cpp, line 709]
Event: 0.339 Thread 0x00007fe20c807000 Exception <a 'java/io/FileNotFoundException'> (0x00000007956a7bf0) thrown at [/HUDSON3/workspace/8-2-build-macosx-x86_64/jdk8u66/4988/hotspot/src/share/vm/prims/jni.cpp, line 709]
Event: 2977.724 Thread 0x00007fe20c149800 Implicit null exception at 0x00000001040dfbf3 to 0x00000001040e0245

Events (10 events):
Event: 5876.393 Thread 0x00007fe20b094800 flushing nmethod 0x0000000103ea7810
Event: 5876.393 Thread 0x00007fe20b094800 flushing nmethod 0x0000000103ebf690
Event: 5876.393 Thread 0x00007fe20b094800 flushing nmethod 0x0000000103ebfed0
Event: 5876.393 Thread 0x00007fe20b094800 flushing nmethod 0x0000000103ec22d0
Event: 5876.393 Thread 0x00007fe20b094800 flushing nmethod 0x0000000103ec6550
Event: 5876.393 Thread 0x00007fe20b094800 flushing nmethod 0x0000000103ed1250
Event: 5876.393 Thread 0x00007fe20b094800 flushing nmethod 0x0000000103ed96d0
Event: 5878.794 Thread 0x00007fe20b096800 flushing nmethod 0x0000000103fb7290
Event: 5879.156 Executing VM operation: ParallelGCSystemGC
Event: 5879.187 Executing VM operation: ParallelGCSystemGC done


Dynamic libraries:
0x0000000000dca000 	/System/Library/Frameworks/Cocoa.framework/Versions/A/Cocoa
0x0000000000dca000 	/System/Library/Frameworks/Security.framework/Versions/A/Security
0x0000000000dca000 	/System/Library/Frameworks/ApplicationServices.framework/Versions/A/ApplicationServices
0x0000000000dca000 	/usr/lib/libz.1.dylib
0x0000000000dca000 	/usr/lib/libSystem.B.dylib
0x0000000000dca000 	/usr/lib/libobjc.A.dylib
0x0000000000dca000 	/System/Library/Frameworks/CoreFoundation.framework/Versions/A/CoreFoundation
0x0000000000dca000 	/System/Library/Frameworks/Foundation.framework/Versions/C/Foundation
0x0000000000dca000 	/System/Library/Frameworks/AppKit.framework/Versions/C/AppKit
0x0000000000dca000 	/System/Library/Frameworks/CoreData.framework/Versions/A/CoreData
0x0000000000dca000 	/System/Library/PrivateFrameworks/RemoteViewServices.framework/Versions/A/RemoteViewServices
0x0000000000dca000 	/System/Library/PrivateFrameworks/UIFoundation.framework/Versions/A/UIFoundation
0x0000000000dca000 	/System/Library/Frameworks/IOSurface.framework/Versions/A/IOSurface
0x0000000000dca000 	/System/Library/Frameworks/AudioToolbox.framework/Versions/A/AudioToolbox
0x0000000000dca000 	/System/Library/Frameworks/AudioUnit.framework/Versions/A/AudioUnit
0x0000000000dca000 	/System/Library/PrivateFrameworks/DataDetectorsCore.framework/Versions/A/DataDetectorsCore
0x0000000000dca000 	/System/Library/PrivateFrameworks/DesktopServicesPriv.framework/Versions/A/DesktopServicesPriv
0x0000000000dca000 	/System/Library/Frameworks/Carbon.framework/Versions/A/Frameworks/HIToolbox.framework/Versions/A/HIToolbox
0x0000000000dca000 	/System/Library/Frameworks/QuartzCore.framework/Versions/A/QuartzCore
0x0000000000dca000 	/System/Library/Frameworks/Carbon.framework/Versions/A/Frameworks/SpeechRecognition.framework/Versions/A/SpeechRecognition
0x0000000000dca000 	/usr/lib/libauto.dylib
0x0000000000dca000 	/usr/lib/libicucore.A.dylib
0x0000000000dca000 	/usr/lib/libxml2.2.dylib
0x0000000000dca000 	/System/Library/PrivateFrameworks/CoreUI.framework/Versions/A/CoreUI
0x0000000000dca000 	/System/Library/Frameworks/CoreAudio.framework/Versions/A/CoreAudio
0x0000000000dca000 	/System/Library/Frameworks/DiskArbitration.framework/Versions/A/DiskArbitration
0x0000000000dca000 	/usr/lib/liblangid.dylib
0x0000000000dca000 	/System/Library/PrivateFrameworks/MultitouchSupport.framework/Versions/A/MultitouchSupport
0x0000000000dca000 	/System/Library/Frameworks/IOKit.framework/Versions/A/IOKit
0x0000000000dca000 	/usr/lib/libDiagnosticMessagesClient.dylib
0x0000000000dca000 	/System/Library/Frameworks/CoreServices.framework/Versions/A/CoreServices
0x0000000000dca000 	/System/Library/PrivateFrameworks/PerformanceAnalysis.framework/Versions/A/PerformanceAnalysis
0x0000000000dca000 	/System/Library/PrivateFrameworks/GenerationalStorage.framework/Versions/A/GenerationalStorage
0x0000000000dca000 	/System/Library/Frameworks/OpenGL.framework/Versions/A/OpenGL
0x0000000000dca000 	/System/Library/PrivateFrameworks/Sharing.framework/Versions/A/Sharing
0x0000000000dca000 	/System/Library/Frameworks/CoreGraphics.framework/Versions/A/CoreGraphics
0x0000000000dca000 	/System/Library/Frameworks/CoreText.framework/Versions/A/CoreText
0x0000000000dca000 	/System/Library/Frameworks/ImageIO.framework/Versions/A/ImageIO
0x0000000000dca000 	/usr/lib/libextension.dylib
0x0000000000dca000 	/System/Library/PrivateFrameworks/Backup.framework/Versions/A/Backup
0x0000000000dca000 	/usr/lib/libarchive.2.dylib
0x0000000000dca000 	/System/Library/Frameworks/CFNetwork.framework/Versions/A/CFNetwork
0x0000000000dca000 	/System/Library/Frameworks/SystemConfiguration.framework/Versions/A/SystemConfiguration
0x0000000000dca000 	/usr/lib/libCRFSuite.dylib
0x0000000000dca000 	/usr/lib/libc++.1.dylib
0x0000000000dca000 	/usr/lib/libc++abi.dylib
0x0000000000dca000 	/usr/lib/system/libcache.dylib
0x0000000000dca000 	/usr/lib/system/libcommonCrypto.dylib
0x0000000000dca000 	/usr/lib/system/libcompiler_rt.dylib
0x0000000000dca000 	/usr/lib/system/libcopyfile.dylib
0x0000000000dca000 	/usr/lib/system/libcorecrypto.dylib
0x0000000000dca000 	/usr/lib/system/libdispatch.dylib
0x0000000000dca000 	/usr/lib/system/libdyld.dylib
0x0000000000dca000 	/usr/lib/system/libkeymgr.dylib
0x0000000000dca000 	/usr/lib/system/liblaunch.dylib
0x0000000000dca000 	/usr/lib/system/libmacho.dylib
0x0000000000dca000 	/usr/lib/system/libquarantine.dylib
0x0000000000dca000 	/usr/lib/system/libremovefile.dylib
0x0000000000dca000 	/usr/lib/system/libsystem_asl.dylib
0x0000000000dca000 	/usr/lib/system/libsystem_blocks.dylib
0x0000000000dca000 	/usr/lib/system/libsystem_c.dylib
0x0000000000dca000 	/usr/lib/system/libsystem_configuration.dylib
0x0000000000dca000 	/usr/lib/system/libsystem_coreservices.dylib
0x0000000000dca000 	/usr/lib/system/libsystem_coretls.dylib
0x0000000000dca000 	/usr/lib/system/libsystem_dnssd.dylib
0x0000000000dca000 	/usr/lib/system/libsystem_info.dylib
0x0000000000dca000 	/usr/lib/system/libsystem_kernel.dylib
0x0000000000dca000 	/usr/lib/system/libsystem_m.dylib
0x0000000000dca000 	/usr/lib/system/libsystem_malloc.dylib
0x0000000000dca000 	/usr/lib/system/libsystem_network.dylib
0x0000000000dca000 	/usr/lib/system/libsystem_networkextension.dylib
0x0000000000dca000 	/usr/lib/system/libsystem_notify.dylib
0x0000000000dca000 	/usr/lib/system/libsystem_platform.dylib
0x0000000000dca000 	/usr/lib/system/libsystem_pthread.dylib
0x0000000000dca000 	/usr/lib/system/libsystem_sandbox.dylib
0x0000000000dca000 	/usr/lib/system/libsystem_secinit.dylib
0x0000000000dca000 	/usr/lib/system/libsystem_stats.dylib
0x0000000000dca000 	/usr/lib/system/libsystem_trace.dylib
0x0000000000dca000 	/usr/lib/system/libunc.dylib
0x0000000000dca000 	/usr/lib/system/libunwind.dylib
0x0000000000dca000 	/usr/lib/system/libxpc.dylib
0x0000000000dca000 	/usr/lib/libbz2.1.0.dylib
0x0000000000dca000 	/usr/lib/liblzma.5.dylib
0x0000000000dca000 	/usr/lib/libbsm.0.dylib
0x0000000000dca000 	/usr/lib/libsqlite3.dylib
0x0000000000dca000 	/usr/lib/system/libkxld.dylib
0x0000000000dca000 	/usr/lib/libxar.1.dylib
0x0000000000dca000 	/usr/lib/libpam.2.dylib
0x0000000000dca000 	/usr/lib/libOpenScriptingUtil.dylib
0x0000000000dca000 	/System/Library/Frameworks/CoreServices.framework/Versions/A/Frameworks/FSEvents.framework/Versions/A/FSEvents
0x0000000000dca000 	/System/Library/Frameworks/CoreServices.framework/Versions/A/Frameworks/CarbonCore.framework/Versions/A/CarbonCore
0x0000000000dca000 	/System/Library/Frameworks/CoreServices.framework/Versions/A/Frameworks/Metadata.framework/Versions/A/Metadata
0x0000000000dca000 	/System/Library/Frameworks/CoreServices.framework/Versions/A/Frameworks/OSServices.framework/Versions/A/OSServices
0x0000000000dca000 	/System/Library/Frameworks/CoreServices.framework/Versions/A/Frameworks/SearchKit.framework/Versions/A/SearchKit
0x0000000000dca000 	/System/Library/Frameworks/CoreServices.framework/Versions/A/Frameworks/AE.framework/Versions/A/AE
0x0000000000dca000 	/System/Library/Frameworks/CoreServices.framework/Versions/A/Frameworks/LaunchServices.framework/Versions/A/LaunchServices
0x0000000000dca000 	/System/Library/Frameworks/CoreServices.framework/Versions/A/Frameworks/DictionaryServices.framework/Versions/A/DictionaryServices
0x0000000000dca000 	/System/Library/Frameworks/NetFS.framework/Versions/A/NetFS
0x0000000000dca000 	/System/Library/PrivateFrameworks/NetAuth.framework/Versions/A/NetAuth
0x0000000000dca000 	/System/Library/PrivateFrameworks/login.framework/Versions/A/Frameworks/loginsupport.framework/Versions/A/loginsupport
0x0000000000dca000 	/System/Library/PrivateFrameworks/TCC.framework/Versions/A/TCC
0x0000000000dca000 	/usr/lib/libmecabra.dylib
0x0000000000dca000 	/System/Library/Frameworks/ApplicationServices.framework/Versions/A/Frameworks/ATS.framework/Versions/A/ATS
0x0000000000dca000 	/System/Library/Frameworks/ApplicationServices.framework/Versions/A/Frameworks/ColorSync.framework/Versions/A/ColorSync
0x0000000000dca000 	/System/Library/Frameworks/ApplicationServices.framework/Versions/A/Frameworks/HIServices.framework/Versions/A/HIServices
0x0000000000dca000 	/System/Library/Frameworks/ApplicationServices.framework/Versions/A/Frameworks/LangAnalysis.framework/Versions/A/LangAnalysis
0x0000000000dca000 	/System/Library/Frameworks/ApplicationServices.framework/Versions/A/Frameworks/PrintCore.framework/Versions/A/PrintCore
0x0000000000dca000 	/System/Library/Frameworks/ApplicationServices.framework/Versions/A/Frameworks/QD.framework/Versions/A/QD
0x0000000000dca000 	/System/Library/Frameworks/ApplicationServices.framework/Versions/A/Frameworks/SpeechSynthesis.framework/Versions/A/SpeechSynthesis
0x0000000000dca000 	/System/Library/Frameworks/Accelerate.framework/Versions/A/Accelerate
0x0000000000dca000 	/System/Library/Frameworks/Accelerate.framework/Versions/A/Frameworks/vImage.framework/Versions/A/vImage
0x0000000000dca000 	/System/Library/Frameworks/Accelerate.framework/Versions/A/Frameworks/vecLib.framework/Versions/A/vecLib
0x0000000000dca000 	/System/Library/Frameworks/Accelerate.framework/Versions/A/Frameworks/vecLib.framework/Versions/A/libvDSP.dylib
0x0000000000dca000 	/System/Library/Frameworks/Accelerate.framework/Versions/A/Frameworks/vecLib.framework/Versions/A/libvMisc.dylib
0x0000000000dca000 	/System/Library/Frameworks/Accelerate.framework/Versions/A/Frameworks/vecLib.framework/Versions/A/libLAPACK.dylib
0x0000000000dca000 	/System/Library/Frameworks/Accelerate.framework/Versions/A/Frameworks/vecLib.framework/Versions/A/libBLAS.dylib
0x0000000000dca000 	/System/Library/Frameworks/Accelerate.framework/Versions/A/Frameworks/vecLib.framework/Versions/A/libLinearAlgebra.dylib
0x0000000000dca000 	/System/Library/Frameworks/ApplicationServices.framework/Versions/A/Frameworks/ATS.framework/Versions/A/Resources/libFontParser.dylib
0x0000000000dca000 	/System/Library/Frameworks/ApplicationServices.framework/Versions/A/Frameworks/ATS.framework/Versions/A/Resources/libFontRegistry.dylib
0x0000000000dca000 	/System/Library/PrivateFrameworks/AppleVPA.framework/Versions/A/AppleVPA
0x0000000000dca000 	/System/Library/PrivateFrameworks/AppleJPEG.framework/Versions/A/AppleJPEG
0x0000000000dca000 	/System/Library/Frameworks/ImageIO.framework/Versions/A/Resources/libJPEG.dylib
0x0000000000dca000 	/System/Library/Frameworks/ImageIO.framework/Versions/A/Resources/libTIFF.dylib
0x0000000000dca000 	/System/Library/Frameworks/ImageIO.framework/Versions/A/Resources/libPng.dylib
0x0000000000dca000 	/System/Library/Frameworks/ImageIO.framework/Versions/A/Resources/libGIF.dylib
0x0000000000dca000 	/System/Library/Frameworks/ImageIO.framework/Versions/A/Resources/libJP2.dylib
0x0000000000dca000 	/System/Library/Frameworks/ImageIO.framework/Versions/A/Resources/libRadiance.dylib
0x0000000000dca000 	/System/Library/Frameworks/CoreVideo.framework/Versions/A/CoreVideo
0x0000000000dca000 	/System/Library/Frameworks/OpenGL.framework/Versions/A/Libraries/libGLU.dylib
0x0000000000dca000 	/System/Library/Frameworks/OpenGL.framework/Versions/A/Libraries/libGFXShared.dylib
0x0000000000dca000 	/System/Library/Frameworks/OpenGL.framework/Versions/A/Libraries/libGL.dylib
0x0000000000dca000 	/System/Library/Frameworks/OpenGL.framework/Versions/A/Libraries/libGLImage.dylib
0x0000000000dca000 	/System/Library/Frameworks/OpenGL.framework/Versions/A/Libraries/libCVMSPluginSupport.dylib
0x0000000000dca000 	/System/Library/Frameworks/OpenGL.framework/Versions/A/Libraries/libCoreVMClient.dylib
0x0000000000dca000 	/usr/lib/libcups.2.dylib
0x0000000000dca000 	/System/Library/Frameworks/Kerberos.framework/Versions/A/Kerberos
0x0000000000dca000 	/System/Library/Frameworks/GSS.framework/Versions/A/GSS
0x0000000000dca000 	/usr/lib/libresolv.9.dylib
0x0000000000dca000 	/usr/lib/libiconv.2.dylib
0x0000000000dca000 	/System/Library/PrivateFrameworks/Heimdal.framework/Versions/A/Heimdal
0x0000000000dca000 	/usr/lib/libheimdal-asn1.dylib
0x0000000000dca000 	/System/Library/Frameworks/OpenDirectory.framework/Versions/A/OpenDirectory
0x0000000000dca000 	/System/Library/PrivateFrameworks/CommonAuth.framework/Versions/A/CommonAuth
0x0000000000dca000 	/System/Library/Frameworks/OpenDirectory.framework/Versions/A/Frameworks/CFOpenDirectory.framework/Versions/A/CFOpenDirectory
0x0000000000dca000 	/System/Library/Frameworks/SecurityFoundation.framework/Versions/A/SecurityFoundation
0x0000000000dca000 	/System/Library/PrivateFrameworks/LanguageModeling.framework/Versions/A/LanguageModeling
0x0000000000dca000 	/usr/lib/libcmph.dylib
0x0000000000dca000 	/System/Library/Frameworks/ServiceManagement.framework/Versions/A/ServiceManagement
0x0000000000dca000 	/usr/lib/libxslt.1.dylib
0x0000000000dca000 	/System/Library/Frameworks/Carbon.framework/Versions/A/Frameworks/Ink.framework/Versions/A/Ink
0x0000000000dca000 	/System/Library/Frameworks/QuartzCore.framework/Versions/A/Frameworks/CoreImage.framework/Versions/A/CoreImage
0x0000000000dca000 	/System/Library/PrivateFrameworks/CrashReporterSupport.framework/Versions/A/CrashReporterSupport
0x0000000000dca000 	/System/Library/Frameworks/OpenCL.framework/Versions/A/OpenCL
0x0000000000dca000 	/System/Library/PrivateFrameworks/FaceCore.framework/Versions/A/FaceCore
0x0000000000dca000 	/System/Library/PrivateFrameworks/Ubiquity.framework/Versions/A/Ubiquity
0x0000000000dca000 	/System/Library/PrivateFrameworks/IconServices.framework/Versions/A/IconServices
0x0000000000dca000 	/System/Library/PrivateFrameworks/ChunkingLibrary.framework/Versions/A/ChunkingLibrary
0x0000000000dca000 	/System/Library/PrivateFrameworks/Apple80211.framework/Versions/A/Apple80211
0x0000000000dca000 	/System/Library/Frameworks/CoreWLAN.framework/Versions/A/CoreWLAN
0x0000000000dca000 	/System/Library/Frameworks/IOBluetooth.framework/Versions/A/IOBluetooth
0x0000000000dca000 	/System/Library/PrivateFrameworks/CoreWiFi.framework/Versions/A/CoreWiFi
0x0000000000dca000 	/System/Library/Frameworks/CoreBluetooth.framework/Versions/A/CoreBluetooth
0x0000000000dca000 	/System/Library/PrivateFrameworks/DebugSymbols.framework/Versions/A/DebugSymbols
0x0000000000dca000 	/System/Library/PrivateFrameworks/CoreSymbolication.framework/Versions/A/CoreSymbolication
0x0000000000dca000 	/System/Library/PrivateFrameworks/Symbolication.framework/Versions/A/Symbolication
0x0000000000dca000 	/System/Library/PrivateFrameworks/SpeechRecognitionCore.framework/Versions/A/SpeechRecognitionCore
0x0000000102a00000 	/Library/Java/JavaVirtualMachines/jdk1.8.0_66.jdk/Contents/Home/jre/lib/server/libjvm.dylib
0x0000000000dca000 	/usr/lib/libstdc++.6.dylib
0x00000001021a6000 	/Library/Java/JavaVirtualMachines/jdk1.8.0_66.jdk/Contents/Home/jre/lib/libverify.dylib
0x00000001021b4000 	/Library/Java/JavaVirtualMachines/jdk1.8.0_66.jdk/Contents/Home/jre/lib/libjava.dylib
0x00000001021f3000 	/Library/Java/JavaVirtualMachines/jdk1.8.0_66.jdk/Contents/Home/jre/lib/libzip.dylib
0x0000000119b00000 	/System/Library/Frameworks/JavaVM.framework/Frameworks/JavaRuntimeSupport.framework/JavaRuntimeSupport
0x0000000119b1b000 	/System/Library/Frameworks/JavaVM.framework/Versions/A/Frameworks/JavaNativeFoundation.framework/Versions/A/JavaNativeFoundation
0x0000000119b30000 	/System/Library/Frameworks/JavaVM.framework/Versions/A/JavaVM
0x0000000000dca000 	/System/Library/Frameworks/Carbon.framework/Versions/A/Carbon
0x0000000119b3d000 	/System/Library/PrivateFrameworks/JavaLaunching.framework/Versions/A/JavaLaunching
0x0000000000dca000 	/System/Library/Frameworks/Carbon.framework/Versions/A/Frameworks/CommonPanels.framework/Versions/A/CommonPanels
0x0000000000dca000 	/System/Library/Frameworks/Carbon.framework/Versions/A/Frameworks/Help.framework/Versions/A/Help
0x0000000000dca000 	/System/Library/Frameworks/Carbon.framework/Versions/A/Frameworks/ImageCapture.framework/Versions/A/ImageCapture
0x0000000000dca000 	/System/Library/Frameworks/Carbon.framework/Versions/A/Frameworks/OpenScripting.framework/Versions/A/OpenScripting
0x0000000000dca000 	/System/Library/Frameworks/Carbon.framework/Versions/A/Frameworks/Print.framework/Versions/A/Print
0x0000000000dca000 	/System/Library/Frameworks/Carbon.framework/Versions/A/Frameworks/SecurityHI.framework/Versions/A/SecurityHI
0x000000011ba82000 	/Library/Java/JavaVirtualMachines/jdk1.8.0_66.jdk/Contents/Home/jre/lib/libawt.dylib
0x000000011bb2a000 	/Library/Java/JavaVirtualMachines/jdk1.8.0_66.jdk/Contents/Home/jre/lib/./libmlib_image.dylib
0x000000011bbf6000 	/Library/Java/JavaVirtualMachines/jdk1.8.0_66.jdk/Contents/Home/jre/lib/libawt_lwawt.dylib
0x000000011bcab000 	/Library/Java/JavaVirtualMachines/jdk1.8.0_66.jdk/Contents/Home/jre/lib/./libosxapp.dylib
0x0000000000dca000 	/System/Library/Frameworks/ExceptionHandling.framework/Versions/A/ExceptionHandling
0x0000000000dca000 	/System/Library/PrivateFrameworks/CoreServicesInternal.framework/Versions/A/CoreServicesInternal
0x0000000000dca000 	/System/Library/PrivateFrameworks/CloudDocs.framework/Versions/A/CloudDocs
0x0000000000dca000 	/System/Library/PrivateFrameworks/CoreDuet.framework/Versions/A/CoreDuet
0x0000000000dca000 	/System/Library/Frameworks/CloudKit.framework/Versions/A/CloudKit
0x0000000000dca000 	/System/Library/PrivateFrameworks/ProtocolBuffer.framework/Versions/A/ProtocolBuffer
0x0000000000dca000 	/System/Library/PrivateFrameworks/CoreDuetDaemonProtocol.framework/Versions/A/CoreDuetDaemonProtocol
0x0000000000dca000 	/System/Library/PrivateFrameworks/CoreDuetDebugLogging.framework/Versions/A/CoreDuetDebugLogging
0x0000000000dca000 	/System/Library/PrivateFrameworks/MMCS.framework/Versions/A/MMCS
0x0000000000dca000 	/System/Library/Frameworks/CoreLocation.framework/Versions/A/CoreLocation
0x0000000000dca000 	/System/Library/PrivateFrameworks/ProtectedCloudStorage.framework/Versions/A/ProtectedCloudStorage
0x0000000000dca000 	/System/Library/PrivateFrameworks/GeoServices.framework/Versions/A/GeoServices
0x0000000000dca000 	/System/Library/Frameworks/CoreGraphics.framework/Versions/A/Resources/libCGCMS.A.dylib
0x0000000000dca000 	/System/Library/Frameworks/CoreGraphics.framework/Versions/A/Resources/libRIP.A.dylib
0x0000000000dca000 	/System/Library/Frameworks/CoreGraphics.framework/Versions/A/Resources/libCGXType.A.dylib
0x0000000000dca000 	/System/Library/Frameworks/OpenCL.framework/Versions/A/Libraries/libcldcpuengine.dylib
0x0000000000dca000 	/System/Library/PrivateFrameworks/DiskImages.framework/Versions/A/DiskImages
0x0000000000dca000 	/System/Library/Frameworks/DiscRecording.framework/Versions/A/DiscRecording
0x0000000000dca000 	/usr/lib/libcsfde.dylib
0x0000000000dca000 	/usr/lib/libcurl.4.dylib
0x0000000000dca000 	/System/Library/PrivateFrameworks/MediaKit.framework/Versions/A/MediaKit
0x0000000000dca000 	/usr/lib/libCoreStorage.dylib
0x0000000000dca000 	/System/Library/PrivateFrameworks/EFILogin.framework/Versions/A/EFILogin
0x0000000000dca000 	/usr/lib/libutil.dylib
0x0000000000dca000 	/System/Library/PrivateFrameworks/FindMyDevice.framework/Versions/A/FindMyDevice
0x0000000000dca000 	/System/Library/Frameworks/LDAP.framework/Versions/A/LDAP
0x0000000000dca000 	/usr/lib/libsasl2.2.dylib
0x0000000000dca000 	/System/Library/PrivateFrameworks/CoreDaemon.framework/Versions/B/CoreDaemon
0x0000000000dca000 	/usr/lib/libcrypto.0.9.8.dylib
0x0000000000dca000 	/System/Library/PrivateFrameworks/AppleSRP.framework/Versions/A/AppleSRP
0x0000000000dca000 	/System/Library/PrivateFrameworks/TrustEvaluationAgent.framework/Versions/A/TrustEvaluationAgent
0x000000011ec2b000 	cl_kernels
0x000000011ec2d000 	/System/Library/Frameworks/OpenCL.framework/Versions/A/Libraries/ImageFormats/unorm8_bgra.dylib
0x000000011ec1c000 	cl_kernels
0x0000000000dca000 	/System/Library/PrivateFrameworks/FamilyControls.framework/Versions/A/FamilyControls
0x0000000000dca000 	/System/Library/PrivateFrameworks/CommerceKit.framework/Versions/A/Frameworks/CommerceCore.framework/Versions/A/CommerceCore
0x0000000000dca000 	/System/Library/PrivateFrameworks/SystemAdministration.framework/Versions/A/SystemAdministration
0x0000000000dca000 	/System/Library/PrivateFrameworks/AppContainer.framework/Versions/A/AppContainer
0x0000000000dca000 	/System/Library/PrivateFrameworks/SecCodeWrapper.framework/Versions/A/SecCodeWrapper
0x0000000000dca000 	/System/Library/Frameworks/DirectoryService.framework/Versions/A/DirectoryService
0x0000000000dca000 	/System/Library/PrivateFrameworks/LoginUIKit.framework/Versions/A/Frameworks/LoginUICore.framework/Versions/A/LoginUICore
0x0000000000dca000 	/usr/lib/libodfde.dylib
0x0000000000dca000 	/System/Library/Frameworks/OpenGL.framework/Versions/A/Resources/GLEngine.bundle/GLEngine
0x0000000000dca000 	/System/Library/Frameworks/OpenGL.framework/Versions/A/Libraries/libGLProgrammability.dylib
0x0000000000000000 	/System/Library/Extensions/AppleIntelHD4000GraphicsGLDriver.bundle/Contents/MacOS/AppleIntelHD4000GraphicsGLDriver
0x0000000000dca000 	/System/Library/PrivateFrameworks/IOAccelerator.framework/Versions/A/IOAccelerator
0x0000000000dca000 	/System/Library/PrivateFrameworks/GPUSupport.framework/Versions/A/Libraries/libGPUSupportMercury.dylib
0x0000000000dca000 	/System/Library/Frameworks/OpenGL.framework/Versions/A/Resources/GLRendererFloat.bundle/GLRendererFloat
0x0000000120869000 	/Library/Java/JavaVirtualMachines/jdk1.8.0_66.jdk/Contents/Home/jre/lib/libfontmanager.dylib
0x0000000120b9e000 	/Library/Java/JavaVirtualMachines/jdk1.8.0_66.jdk/Contents/Home/jre/lib/libnet.dylib
0x00000001208e3000 	/Library/Java/JavaVirtualMachines/jdk1.8.0_66.jdk/Contents/Home/jre/lib/libnio.dylib
0x0000000000dca000 	/System/Library/Frameworks/ApplicationServices.framework/Versions/A/Frameworks/ATS.framework/Versions/A/Resources/libTrueTypeScaler.dylib
0x000000018006b000 	/Library/Java/JavaVirtualMachines/jdk1.8.0_66.jdk/Contents/Home/jre/lib/libosxui.dylib
0x0000000000dca000 	/System/Library/Frameworks/Accelerate.framework/Versions/A/Frameworks/vImage.framework/Versions/A/Libraries/libCGInterfaces.dylib
0x0000000000dca000 	/System/Library/PrivateFrameworks/Shortcut.framework/Versions/A/Shortcut
0x0000000000dca000 	/System/Library/PrivateFrameworks/HelpData.framework/Versions/A/HelpData
0x0000000000dca000 	/usr/lib/libtidy.A.dylib
0x0000000000dca000 	/System/Library/CoreServices/RawCamera.bundle/Contents/MacOS/RawCamera

VM Arguments:
jvm_args: -Xms8m 
java_command: org.hsqldb.util.DatabaseManager
java_class_path (initial): /Users/falquet/tomcat-7/webapps/lazy/hsqldb/lib/hsqldb.jar
Launcher Type: SUN_STANDARD

Environment Variables:
CLASSPATH=/Users/falquet/bin/antlr-4.2-complete.jar:
PATH=//anaconda/bin:/Library/Frameworks/Python.framework/Versions/3.5/bin:/Library/Internet\ Plug-ins/JavaAppletPlugin.plugin/Contents/Home/bin/:/Library/Frameworks/Python.framework/Versions/2.7/bin:/opt/local/bin:/opt/local/sbin:/opt/local/bin:/opt/local/sbin:/Library/Frameworks/Python.framework/Versions/2.7/bin:/sw/bin:/sw/sbin:/opt/local/bin:/opt/local/sbin:/Applications/liftweb-1.0.1/apache-maven/bin:.:/Users/falquet/bin:/Users/falquet/Applications/scripts/:/bin:/Users/falquet/Applications/scala-2.11.4/bin:/usr/local/bin:/usr/bin:/bin:/usr/sbin:/sbin:/opt/X11/bin:/usr/local/git/bin:/usr/local/MacGPG2/bin:/Library/TeX/texbin:/usr/X11/bin:/usr/local/mysql/bin/:/Users/falquet/Applications/stardog-0.9.5/:/Users/falquet/Applications/scala-2.9.1.final/bin:/Applications/MacPorts/Eiffel72/studio/spec/macosx-x86-64/bin:/Applications/MacPorts/Eiffel72/library/gobo/svn/../spec/macosx-x86-64/bin:/Users/falquet/tomcat-7/webapps/lazy/bin:.
SHELL=/bin/bash
DISPLAY=/private/tmp/com.apple.launchd.RPBSu7tsWa/org.macosforge.xquartz:0

Signal Handlers:
SIGSEGV: [libjvm.dylib+0x5a65d5], sa_mask[0]=11111111011111110111111111111111, sa_flags=SA_ONSTACK|SA_RESTART|SA_SIGINFO
SIGBUS: [libjvm.dylib+0x5a65d5], sa_mask[0]=11111111011111110111111111111111, sa_flags=SA_RESTART|SA_SIGINFO
SIGFPE: [libjvm.dylib+0x4802e8], sa_mask[0]=11111111011111110111111111111111, sa_flags=SA_RESTART|SA_SIGINFO
SIGPIPE: [libjvm.dylib+0x4802e8], sa_mask[0]=11111111011111110111111111111111, sa_flags=SA_RESTART|SA_SIGINFO
SIGXFSZ: [libjvm.dylib+0x4802e8], sa_mask[0]=11111111011111110111111111111111, sa_flags=SA_RESTART|SA_SIGINFO
SIGILL: [libjvm.dylib+0x4802e8], sa_mask[0]=11111111011111110111111111111111, sa_flags=SA_RESTART|SA_SIGINFO
SIGUSR1: SIG_DFL, sa_mask[0]=11011111011111100000000111000110, sa_flags=none
SIGUSR2: [libjvm.dylib+0x47fe06], sa_mask[0]=00000000000000000000000000000000, sa_flags=SA_RESTART|SA_SIGINFO
SIGHUP: [libjvm.dylib+0x47e3dd], sa_mask[0]=11111111011111110111111111111111, sa_flags=SA_RESTART|SA_SIGINFO
SIGINT: [libjvm.dylib+0x47e3dd], sa_mask[0]=11111111011111110111111111111111, sa_flags=SA_RESTART|SA_SIGINFO
SIGTERM: [libjvm.dylib+0x47e3dd], sa_mask[0]=11111111011111110111111111111111, sa_flags=SA_RESTART|SA_SIGINFO
SIGQUIT: [libjvm.dylib+0x47e3dd], sa_mask[0]=11111111011111110111111111111111, sa_flags=SA_RESTART|SA_SIGINFO


---------------  S Y S T E M  ---------------

OS:Bsduname:Darwin 14.4.0 Darwin Kernel Version 14.4.0: Thu May 28 11:35:04 PDT 2015; root:xnu-2782.30.5~1/RELEASE_X86_64 x86_64
rlimit: STACK 8192k, CORE 0k, NPROC 709, NOFILE 10240, AS infinity
load average:4.21 2.55 2.11

CPU:total 4 (2 cores per cpu, 2 threads per core) family 6 model 58 stepping 9, cmov, cx8, fxsr, mmx, sse, sse2, sse3, ssse3, sse4.1, sse4.2, popcnt, avx, aes, clmul, erms, ht, tsc, tscinvbit, tscinv

Memory: 4k page, physical 8388608k(56176k free)

/proc/meminfo:


vm_info: Java HotSpot(TM) 64-Bit Server VM (25.66-b17) for bsd-amd64 JRE (1.8.0_66-b17), built on Oct  6 2015 16:09:13 by "java_re" with gcc 4.2.1 (Based on Apple Inc. build 5658) (LLVM build 2336.11.00)

time: Fri Dec  2 12:59:34 2016
elapsed time: 5879 seconds (0d 1h 37m 59s)

