#
# A fatal error has been detected by the Java Runtime Environment:
#
#  SIGSEGV (0xb) at pc=0x0000000121b75e43, pid=42054, tid=48903
#
# JRE version: Java(TM) SE Runtime Environment (8.0_66-b17) (build 1.8.0_66-b17)
# Java VM: Java HotSpot(TM) 64-Bit Server VM (25.66-b17 mixed mode bsd-amd64 compressed oops)
# Problematic frame:
# C  [libawt_lwawt.dylib+0x1ae43]  OGLSD_SetScratchSurface+0x49
#
# Failed to write core dump. Core dumps have been disabled. To enable core dumping, try "ulimit -c unlimited" before starting Java again
#
# If you would like to submit a bug report, please visit:
#   http://bugreport.java.com/bugreport/crash.jsp
# The crash happened outside the Java Virtual Machine in native code.
# See problematic frame for where to report the bug.
#

---------------  T H R E A D  ---------------

Current thread (0x00007fab54ad1000):  JavaThread "Java2D Queue Flusher" daemon [_thread_in_native, id=48903, stack(0x0000000125dc2000,0x0000000125ec2000)]

siginfo: si_signo: 11 (SIGSEGV), si_code: 1 (SEGV_MAPERR), si_addr: 0xffffffffffff0002

Registers:
RAX=0x00000000ffffffff, RBX=0xffffffffffff0002, RCX=0x0000000000000047, RDX=0x0000000121b968ec
RSP=0x0000000125ec1810, RBP=0x0000000125ec1830, RSI=0x00007fab53c666f0, RDI=0x00007fab54ad11f8
R8 =0x0000000000000020, R9 =0x0000000000000000, R10=0x0000000109cd5db8, R11=0x00000000e80372a8
R12=0x0000000000000000, R13=0x00000007401b95b0, R14=0x00007fab54ad11f8, R15=0x00007fab54ad1000
RIP=0x0000000121b75e43, EFLAGS=0x0000000000010282, ERR=0x0000000000000004
  TRAPNO=0x000000000000000e

Top of Stack: (sp=0x0000000125ec1810)
0x0000000125ec1810:   00007fab53c666f0 0000000000000000
0x0000000125ec1820:   00007fab55146010 00007fab54ad1000
0x0000000125ec1830:   0000000125ec18b0 0000000121b963ca
0x0000000125ec1840:   0000000000000064 00007fab56000218
0x0000000125ec1850:   0000000125ec18b0 0000000108d4bc08
0x0000000125ec1860:   0000000000000005 00007fab54ad1000
0x0000000125ec1870:   00000007401b9501 00007fab55146020
0x0000000125ec1880:   0000000100ec1800 00007fab54ad11f8
0x0000000125ec1890:   0000000000000000 0000000000000000
0x0000000125ec18a0:   0000000125ec1908 00007fab54ad1000
0x0000000125ec18b0:   0000000125ec1900 0000000109cd5e2a
0x0000000125ec18c0:   00000007401b9528 0000000125ec1908
0x0000000125ec18d0:   000000011e390e20 0000000000000000
0x0000000125ec18e0:   000000011e390db0 0000000000000000
0x0000000125ec18f0:   0000000125ec1910 00000007401bbcf8
0x0000000125ec1900:   00000000e80372a5 0000000109f412b0
0x0000000125ec1910:   00000007401b9528 0000000000000000
0x0000000125ec1920:   00000007401b95b0 0000000000000000
0x0000000125ec1930:   00000007401b95b0 0000000125ec19d0
0x0000000125ec1940:   0000000000000001 0000000000000000
0x0000000125ec1950:   0000000125ec19d0 0000000109a897a7
0x0000000125ec1960:   00000007401bbd98 0000000740212138
0x0000000125ec1970:   0000000100001fa0 000000000000000a
0x0000000125ec1980:   00007fab54ad1000 0000000000000001
0x0000000125ec1990:   0000000109a8971f 000000011e187028
0x0000000125ec19a0:   0000000125ec1a68 0000000125ec1d00
0x0000000125ec19b0:   000000010000000a 000000011e187028
0x0000000125ec19c0:   0000000109a9a0a0 0000000125ec1c70
0x0000000125ec19d0:   0000000125ec1b80 0000000108cea35e
0x0000000125ec19e0:   0000000100000001 00007fab54ad1000
0x0000000125ec19f0:   00007fab54ad1000 0000000125ec1d00
0x0000000125ec1a00:   00007fab56000210 0000000109a9a0a0 

Instructions: (pc=0x0000000121b75e43)
0x0000000121b75e23:   c0 e9 82 00 00 00 48 8b 5e 10 48 85 db 75 0e bf
0x0000000121b75e33:   01 00 00 00 48 8d 15 fd 75 03 00 eb d6 49 89 fe
0x0000000121b75e43:   4c 8b 3b 30 c0 e8 c5 a2 02 00 49 8b 3f 49 89 c4
0x0000000121b75e53:   48 8b 35 a6 f7 05 00 30 c0 e8 cb a3 02 00 48 85 

Register to memory mapping:

RAX=0x00000000ffffffff is an unknown value
RBX=0xffffffffffff0002 is an unknown value
RCX=0x0000000000000047 is an unknown value
RDX=0x0000000121b968ec: Java_sun_java2d_opengl_OGLRenderQueue_flushBuffer+0xb5c in /Library/Java/JavaVirtualMachines/jdk1.8.0_66.jdk/Contents/Home/jre/lib/libawt_lwawt.dylib at 0x0000000121b5b000
RSP=0x0000000125ec1810 is pointing into the stack for thread: 0x00007fab54ad1000
RBP=0x0000000125ec1830 is pointing into the stack for thread: 0x00007fab54ad1000
RSI=0x00007fab53c666f0 is an unknown value
RDI=0x00007fab54ad11f8 is an unknown value
R8 =0x0000000000000020 is an unknown value
R9 =0x0000000000000000 is an unknown value
R10=0x0000000109cd5db8 is at entry_point+56 in (nmethod*)0x0000000109cd5c10
R11=0x00000000e80372a8 is an unknown value
R12=0x0000000000000000 is an unknown value
R13=0x00000007401b95b0 is an oop
sun.java2d.opengl.OGLRenderQueue$QueueFlusher 
 - klass: 'sun/java2d/opengl/OGLRenderQueue$QueueFlusher'
R14=0x00007fab54ad11f8 is an unknown value
R15=0x00007fab54ad1000 is a thread


Stack: [0x0000000125dc2000,0x0000000125ec2000],  sp=0x0000000125ec1810,  free space=1022k
Native frames: (J=compiled Java code, j=interpreted, Vv=VM code, C=native code)
C  [libawt_lwawt.dylib+0x1ae43]  OGLSD_SetScratchSurface+0x49
C  [libawt_lwawt.dylib+0x3b3ca]  Java_sun_java2d_opengl_OGLRenderQueue_flushBuffer+0x63a
J 1485  sun.java2d.opengl.OGLRenderQueue.flushBuffer(JI)V (0 bytes) @ 0x0000000109cd5e2a [0x0000000109cd5d80+0xaa]
J 2731% C2 sun.java2d.opengl.OGLRenderQueue$QueueFlusher.run()V (234 bytes) @ 0x0000000109f412b0 [0x0000000109f41060+0x250]
v  ~StubRoutines::call_stub
V  [libjvm.dylib+0x2ea35e]  JavaCalls::call_helper(JavaValue*, methodHandle*, JavaCallArguments*, Thread*)+0x6ae
V  [libjvm.dylib+0x2eaaec]  JavaCalls::call_virtual(JavaValue*, KlassHandle, Symbol*, Symbol*, JavaCallArguments*, Thread*)+0x164
V  [libjvm.dylib+0x2eac98]  JavaCalls::call_virtual(JavaValue*, Handle, KlassHandle, Symbol*, Symbol*, Thread*)+0x4a
V  [libjvm.dylib+0x345215]  thread_entry(JavaThread*, Thread*)+0x7c
V  [libjvm.dylib+0x560b83]  JavaThread::thread_main_inner()+0x9b
V  [libjvm.dylib+0x56227e]  JavaThread::run()+0x1c2
V  [libjvm.dylib+0x482cd6]  java_start(Thread*)+0xf6
C  [libsystem_pthread.dylib+0x3268]  _pthread_body+0x83
C  [libsystem_pthread.dylib+0x31e5]  _pthread_body+0x0
C  [libsystem_pthread.dylib+0x141d]  thread_start+0xd
C  0x0000000000000000

Java frames: (J=compiled Java code, j=interpreted, Vv=VM code)
J 1485  sun.java2d.opengl.OGLRenderQueue.flushBuffer(JI)V (0 bytes) @ 0x0000000109cd5db8 [0x0000000109cd5d80+0x38]
J 2731% C2 sun.java2d.opengl.OGLRenderQueue$QueueFlusher.run()V (234 bytes) @ 0x0000000109f412b0 [0x0000000109f41060+0x250]
v  ~StubRoutines::call_stub

---------------  P R O C E S S  ---------------

Java Threads: ( => current thread )
  0x00007fab558ff000 JavaThread "DestroyJavaVM" [_thread_blocked, id=3847, stack(0x0000000109987000,0x0000000109a87000)]
  0x00007fab54d78800 JavaThread "TimerQueue" daemon [_thread_blocked, id=54851, stack(0x0000000187911000,0x0000000187a11000)]
  0x00007fab54ad6000 JavaThread "AWT-EventQueue-0" [_thread_blocked, id=54275, stack(0x000000018650c000,0x000000018660c000)]
  0x00007fab54b22800 JavaThread "Java2D Disposer" daemon [_thread_blocked, id=50455, stack(0x0000000126735000,0x0000000126835000)]
=>0x00007fab54ad1000 JavaThread "Java2D Queue Flusher" daemon [_thread_in_native, id=48903, stack(0x0000000125dc2000,0x0000000125ec2000)]
  0x00007fab54a11000 JavaThread "AWT-Shutdown" [_thread_blocked, id=27923, stack(0x0000000123393000,0x0000000123493000)]
  0x00007fab548ec800 JavaThread "AppKit Thread" daemon [_thread_in_native, id=8467, stack(0x00007fff5740a000,0x00007fff57c0a000)]
  0x00007fab55020000 JavaThread "Service Thread" daemon [_thread_blocked, id=18179, stack(0x00000001217ac000,0x00000001218ac000)]
  0x00007fab54840800 JavaThread "C1 CompilerThread2" daemon [_thread_blocked, id=17667, stack(0x00000001216a9000,0x00000001217a9000)]
  0x00007fab5483f800 JavaThread "C2 CompilerThread1" daemon [_thread_blocked, id=17155, stack(0x00000001215a6000,0x00000001216a6000)]
  0x00007fab5483e000 JavaThread "C2 CompilerThread0" daemon [_thread_blocked, id=16643, stack(0x00000001214a3000,0x00000001215a3000)]
  0x00007fab5501a800 JavaThread "Signal Dispatcher" daemon [_thread_blocked, id=13335, stack(0x00000001213a0000,0x00000001214a0000)]
  0x00007fab54825800 JavaThread "Finalizer" daemon [_thread_blocked, id=11523, stack(0x000000011f96e000,0x000000011fa6e000)]
  0x00007fab54824800 JavaThread "Reference Handler" daemon [_thread_blocked, id=11011, stack(0x000000011f86b000,0x000000011f96b000)]

Other Threads:
  0x00007fab55014000 VMThread [stack: 0x000000011f768000,0x000000011f868000] [id=10499]
  0x00007fab5400b000 WatcherThread [stack: 0x00000001218af000,0x00000001219af000] [id=18691]

VM state:not at safepoint (normal execution)

VM Mutex/Monitor currently owned by a thread: None

Heap:
 PSYoungGen      total 10752K, used 180K [0x0000000795580000, 0x0000000796300000, 0x00000007c0000000)
  eden space 8704K, 2% used [0x0000000795580000,0x00000007955ad190,0x0000000795e00000)
  from space 2048K, 0% used [0x0000000796100000,0x0000000796100000,0x0000000796300000)
  to   space 2560K, 0% used [0x0000000795e00000,0x0000000795e00000,0x0000000796080000)
 ParOldGen       total 16384K, used 6306K [0x0000000740000000, 0x0000000741000000, 0x0000000795580000)
  object space 16384K, 38% used [0x0000000740000000,0x0000000740628a10,0x0000000741000000)
 Metaspace       used 16753K, capacity 17016K, committed 17280K, reserved 1064960K
  class space    used 2019K, capacity 2124K, committed 2176K, reserved 1048576K

Card table byte_map: [0x0000000118e49000,0x000000011924a000] byte_map_base: 0x0000000115449000

Marking Bits: (ParMarkBitMap*) 0x00000001092dde20
 Begin Bits: [0x0000000119901000, 0x000000011b901000)
 End Bits:   [0x000000011b901000, 0x000000011d901000)

Polling page: 0x000000010814f000

CodeCache: size=245760Kb used=8949Kb max_used=8987Kb free=236810Kb
 bounds [0x0000000109a89000, 0x000000010a369000, 0x0000000118a89000]
 total_blobs=3211 nmethods=2619 adapters=503
 compilation: enabled

Compilation events (10 events):
Event: 73493.754 Thread 0x00007fab54840800 2997       3       java.awt.MenuComponent::getTreeLock (4 bytes)
Event: 73493.754 Thread 0x00007fab54840800 nmethod 2997 0x0000000109ceda90 code [0x0000000109cedc00, 0x0000000109cedd50]
Event: 73493.755 Thread 0x00007fab54840800 2998       3       java.util.concurrent.atomic.AtomicBoolean::<init> (18 bytes)
Event: 73493.755 Thread 0x00007fab54840800 nmethod 2998 0x0000000109ed6350 code [0x0000000109ed64c0, 0x0000000109ed66d0]
Event: 73493.820 Thread 0x00007fab54840800 2999       1       java.lang.ref.Reference::clear (6 bytes)
Event: 73493.820 Thread 0x00007fab54840800 nmethod 2999 0x0000000109fccb90 code [0x0000000109fccce0, 0x0000000109fcce10]
Event: 73493.821 Thread 0x00007fab54840800 3000       3       com.apple.laf.AquaMnemonicHandler::isMnemonicHidden (16 bytes)
Event: 73493.822 Thread 0x00007fab54840800 nmethod 3000 0x0000000109cae990 code [0x0000000109caeb60, 0x0000000109caf1e8]
Event: 73493.822 Thread 0x00007fab54840800 3001   !   3       sun.swing.SwingUtilities2::drawStringUnderlineCharAt (270 bytes)
Event: 73493.824 Thread 0x00007fab54840800 nmethod 3001 0x0000000109d02a50 code [0x0000000109d02e00, 0x0000000109d05038]

GC Heap History (10 events):
Event: 11884.037 GC heap before
{Heap before GC invocations=117 (full 61):
 PSYoungGen      total 11776K, used 96K [0x0000000795580000, 0x0000000796400000, 0x00000007c0000000)
  eden space 8704K, 0% used [0x0000000795580000,0x0000000795580000,0x0000000795e00000)
  from space 3072K, 3% used [0x0000000796100000,0x0000000796118000,0x0000000796400000)
  to   space 3072K, 0% used [0x0000000795e00000,0x0000000795e00000,0x0000000796100000)
 ParOldGen       total 16384K, used 10639K [0x0000000740000000, 0x0000000741000000, 0x0000000795580000)
  object space 16384K, 64% used [0x0000000740000000,0x0000000740a63e68,0x0000000741000000)
 Metaspace       used 16748K, capacity 17018K, committed 17280K, reserved 1064960K
  class space    used 2019K, capacity 2123K, committed 2176K, reserved 1048576K
Event: 11884.056 GC heap after
Heap after GC invocations=117 (full 61):
 PSYoungGen      total 11776K, used 0K [0x0000000795580000, 0x0000000796400000, 0x00000007c0000000)
  eden space 8704K, 0% used [0x0000000795580000,0x0000000795580000,0x0000000795e00000)
  from space 3072K, 0% used [0x0000000796100000,0x0000000796100000,0x0000000796400000)
  to   space 3072K, 0% used [0x0000000795e00000,0x0000000795e00000,0x0000000796100000)
 ParOldGen       total 16384K, used 10650K [0x0000000740000000, 0x0000000741000000, 0x0000000795580000)
  object space 16384K, 65% used [0x0000000740000000,0x0000000740a66880,0x0000000741000000)
 Metaspace       used 16748K, capacity 17018K, committed 17280K, reserved 1064960K
  class space    used 2019K, capacity 2123K, committed 2176K, reserved 1048576K
}
Event: 11964.454 GC heap before
{Heap before GC invocations=118 (full 61):
 PSYoungGen      total 11776K, used 426K [0x0000000795580000, 0x0000000796400000, 0x00000007c0000000)
  eden space 8704K, 4% used [0x0000000795580000,0x00000007955ea9c8,0x0000000795e00000)
  from space 3072K, 0% used [0x0000000796100000,0x0000000796100000,0x0000000796400000)
  to   space 3072K, 0% used [0x0000000795e00000,0x0000000795e00000,0x0000000796100000)
 ParOldGen       total 16384K, used 10650K [0x0000000740000000, 0x0000000741000000, 0x0000000795580000)
  object space 16384K, 65% used [0x0000000740000000,0x0000000740a66880,0x0000000741000000)
 Metaspace       used 16748K, capacity 17018K, committed 17280K, reserved 1064960K
  class space    used 2019K, capacity 2123K, committed 2176K, reserved 1048576K
Event: 11964.455 GC heap after
Heap after GC invocations=118 (full 61):
 PSYoungGen      total 11776K, used 96K [0x0000000795580000, 0x0000000796400000, 0x00000007c0000000)
  eden space 8704K, 0% used [0x0000000795580000,0x0000000795580000,0x0000000795e00000)
  from space 3072K, 3% used [0x0000000795e00000,0x0000000795e18000,0x0000000796100000)
  to   space 3072K, 0% used [0x0000000796100000,0x0000000796100000,0x0000000796400000)
 ParOldGen       total 16384K, used 10650K [0x0000000740000000, 0x0000000741000000, 0x0000000795580000)
  object space 16384K, 65% used [0x0000000740000000,0x0000000740a66880,0x0000000741000000)
 Metaspace       used 16748K, capacity 17018K, committed 17280K, reserved 1064960K
  class space    used 2019K, capacity 2123K, committed 2176K, reserved 1048576K
}
Event: 11964.455 GC heap before
{Heap before GC invocations=119 (full 62):
 PSYoungGen      total 11776K, used 96K [0x0000000795580000, 0x0000000796400000, 0x00000007c0000000)
  eden space 8704K, 0% used [0x0000000795580000,0x0000000795580000,0x0000000795e00000)
  from space 3072K, 3% used [0x0000000795e00000,0x0000000795e18000,0x0000000796100000)
  to   space 3072K, 0% used [0x0000000796100000,0x0000000796100000,0x0000000796400000)
 ParOldGen       total 16384K, used 10650K [0x0000000740000000, 0x0000000741000000, 0x0000000795580000)
  object space 16384K, 65% used [0x0000000740000000,0x0000000740a66880,0x0000000741000000)
 Metaspace       used 16748K, capacity 17018K, committed 17280K, reserved 1064960K
  class space    used 2019K, capacity 2123K, committed 2176K, reserved 1048576K
Event: 11964.475 GC heap after
Heap after GC invocations=119 (full 62):
 PSYoungGen      total 11776K, used 0K [0x0000000795580000, 0x0000000796400000, 0x00000007c0000000)
  eden space 8704K, 0% used [0x0000000795580000,0x0000000795580000,0x0000000795e00000)
  from space 3072K, 0% used [0x0000000795e00000,0x0000000795e00000,0x0000000796100000)
  to   space 3072K, 0% used [0x0000000796100000,0x0000000796100000,0x0000000796400000)
 ParOldGen       total 16384K, used 10660K [0x0000000740000000, 0x0000000741000000, 0x0000000795580000)
  object space 16384K, 65% used [0x0000000740000000,0x0000000740a69200,0x0000000741000000)
 Metaspace       used 16748K, capacity 17018K, committed 17280K, reserved 1064960K
  class space    used 2019K, capacity 2123K, committed 2176K, reserved 1048576K
}
Event: 73493.756 GC heap before
{Heap before GC invocations=120 (full 62):
 PSYoungGen      total 11776K, used 1604K [0x0000000795580000, 0x0000000796400000, 0x00000007c0000000)
  eden space 8704K, 18% used [0x0000000795580000,0x00000007957111d8,0x0000000795e00000)
  from space 3072K, 0% used [0x0000000795e00000,0x0000000795e00000,0x0000000796100000)
  to   space 3072K, 0% used [0x0000000796100000,0x0000000796100000,0x0000000796400000)
 ParOldGen       total 16384K, used 10660K [0x0000000740000000, 0x0000000741000000, 0x0000000795580000)
  object space 16384K, 65% used [0x0000000740000000,0x0000000740a69200,0x0000000741000000)
 Metaspace       used 16756K, capacity 17028K, committed 17280K, reserved 1064960K
  class space    used 2020K, capacity 2126K, committed 2176K, reserved 1048576K
Event: 73493.761 GC heap after
Heap after GC invocations=120 (full 62):
 PSYoungGen      total 10752K, used 160K [0x0000000795580000, 0x0000000796300000, 0x00000007c0000000)
  eden space 8704K, 0% used [0x0000000795580000,0x0000000795580000,0x0000000795e00000)
  from space 2048K, 7% used [0x0000000796100000,0x0000000796128000,0x0000000796300000)
  to   space 2560K, 0% used [0x0000000795e00000,0x0000000795e00000,0x0000000796080000)
 ParOldGen       total 16384K, used 10660K [0x0000000740000000, 0x0000000741000000, 0x0000000795580000)
  object space 16384K, 65% used [0x0000000740000000,0x0000000740a69200,0x0000000741000000)
 Metaspace       used 16756K, capacity 17028K, committed 17280K, reserved 1064960K
  class space    used 2020K, capacity 2126K, committed 2176K, reserved 1048576K
}
Event: 73493.761 GC heap before
{Heap before GC invocations=121 (full 63):
 PSYoungGen      total 10752K, used 160K [0x0000000795580000, 0x0000000796300000, 0x00000007c0000000)
  eden space 8704K, 0% used [0x0000000795580000,0x0000000795580000,0x0000000795e00000)
  from space 2048K, 7% used [0x0000000796100000,0x0000000796128000,0x0000000796300000)
  to   space 2560K, 0% used [0x0000000795e00000,0x0000000795e00000,0x0000000796080000)
 ParOldGen       total 16384K, used 10660K [0x0000000740000000, 0x0000000741000000, 0x0000000795580000)
  object space 16384K, 65% used [0x0000000740000000,0x0000000740a69200,0x0000000741000000)
 Metaspace       used 16756K, capacity 17028K, committed 17280K, reserved 1064960K
  class space    used 2020K, capacity 2126K, committed 2176K, reserved 1048576K
Event: 73493.817 GC heap after
Heap after GC invocations=121 (full 63):
 PSYoungGen      total 10752K, used 0K [0x0000000795580000, 0x0000000796300000, 0x00000007c0000000)
  eden space 8704K, 0% used [0x0000000795580000,0x0000000795580000,0x0000000795e00000)
  from space 2048K, 0% used [0x0000000796100000,0x0000000796100000,0x0000000796300000)
  to   space 2560K, 0% used [0x0000000795e00000,0x0000000795e00000,0x0000000796080000)
 ParOldGen       total 16384K, used 6306K [0x0000000740000000, 0x0000000741000000, 0x0000000795580000)
  object space 16384K, 38% used [0x0000000740000000,0x0000000740628a10,0x0000000741000000)
 Metaspace       used 16748K, capacity 17016K, committed 17280K, reserved 1064960K
  class space    used 2019K, capacity 2124K, committed 2176K, reserved 1048576K
}

Deoptimization events (10 events):
Event: 10601.879 Thread 0x00007fab54ad6000 Uncommon trap: reason=unstable_if action=reinterpret pc=0x0000000109f17c78 method=java.awt.datatransfer.MimeType.isTokenChar(C)Z @ 18
Event: 10800.181 Thread 0x00007fab54ad6000 Uncommon trap: reason=unstable_if action=reinterpret pc=0x0000000109ff95d8 method=java.awt.EventQueue.getAccessControlContextFrom(Ljava/lang/Object;)Ljava/security/AccessControlContext; @ 21
Event: 10800.181 Thread 0x00007fab54ad6000 Uncommon trap: reason=unstable_if action=reinterpret pc=0x0000000109ff6150 method=java.awt.EventQueue.getAccessControlContextFrom(Ljava/lang/Object;)Ljava/security/AccessControlContext; @ 21
Event: 10800.181 Thread 0x00007fab54ad6000 Uncommon trap: reason=unstable_if action=reinterpret pc=0x000000010a000608 method=java.awt.EventQueue.dispatchEventImpl(Ljava/awt/AWTEvent;Ljava/lang/Object;)V @ 33
Event: 11701.638 Thread 0x00007fab54ad6000 Uncommon trap: reason=unstable_if action=reinterpret pc=0x000000010a1587f0 method=javax.swing.SwingUtilities.getDeepestComponentAt(Ljava/awt/Component;II)Ljava/awt/Component; @ 76
Event: 11701.639 Thread 0x00007fab54ad6000 Uncommon trap: reason=bimorphic action=maybe_recompile pc=0x000000010a1588fc method=javax.swing.SwingUtilities.getDeepestComponentAt(Ljava/awt/Component;II)Ljava/awt/Component; @ 131
Event: 11701.714 Thread 0x00007fab54ad6000 Uncommon trap: reason=speculate_class_check action=maybe_recompile pc=0x000000010a2cb8c4 method=java.awt.Component.dispatchEventImpl(Ljava/awt/AWTEvent;)V @ 242
Event: 11701.777 Thread 0x00007fab54ad6000 Uncommon trap: reason=speculate_class_check action=maybe_recompile pc=0x000000010a2cb8c4 method=java.awt.Component.dispatchEventImpl(Ljava/awt/AWTEvent;)V @ 242
Event: 11701.972 Thread 0x00007fab54ad6000 Uncommon trap: reason=speculate_class_check action=maybe_recompile pc=0x000000010a2cb8c4 method=java.awt.Component.dispatchEventImpl(Ljava/awt/AWTEvent;)V @ 242
Event: 73493.820 Thread 0x00007fab54ad6000 Uncommon trap: reason=unstable_if action=reinterpret pc=0x000000010a2938e0 method=sun.awt.AppContext.getSoftReferenceValue(Ljava/lang/Object;Ljava/util/function/Supplier;)Ljava/lang/Object; @ 25

Internal exceptions (10 events):
Event: 0.114 Thread 0x00007fab54807000 Exception <a 'java/security/PrivilegedActionException'> (0x00000007956c0a18) thrown at [/HUDSON3/workspace/8-2-build-macosx-x86_64/jdk8u66/4988/hotspot/src/share/vm/prims/jvm.cpp, line 1386]
Event: 0.114 Thread 0x00007fab54807000 Exception <a 'java/security/PrivilegedActionException'> (0x00000007956c3cc8) thrown at [/HUDSON3/workspace/8-2-build-macosx-x86_64/jdk8u66/4988/hotspot/src/share/vm/prims/jvm.cpp, line 1386]
Event: 0.114 Thread 0x00007fab54807000 Exception <a 'java/security/PrivilegedActionException'> (0x00000007956c3ed8) thrown at [/HUDSON3/workspace/8-2-build-macosx-x86_64/jdk8u66/4988/hotspot/src/share/vm/prims/jvm.cpp, line 1386]
Event: 0.162 Thread 0x00007fab54807000 Exception <a 'java/lang/NoSuchFieldError': method resolution failed> (0x0000000795617430) thrown at [/HUDSON3/workspace/8-2-build-macosx-x86_64/jdk8u66/4988/hotspot/src/share/vm/prims/methodHandles.cpp, line 1146]
Event: 0.163 Thread 0x00007fab54807000 Exception <a 'java/lang/NoSuchFieldError': method resolution failed> (0x0000000795624c28) thrown at [/HUDSON3/workspace/8-2-build-macosx-x86_64/jdk8u66/4988/hotspot/src/share/vm/prims/methodHandles.cpp, line 1146]
Event: 0.669 Thread 0x00007fab54807000 Exception <a 'java/io/FileNotFoundException'> (0x00000007956a35c8) thrown at [/HUDSON3/workspace/8-2-build-macosx-x86_64/jdk8u66/4988/hotspot/src/share/vm/prims/jni.cpp, line 709]
Event: 0.670 Thread 0x00007fab54807000 Exception <a 'java/io/FileNotFoundException'> (0x00000007956a80d0) thrown at [/HUDSON3/workspace/8-2-build-macosx-x86_64/jdk8u66/4988/hotspot/src/share/vm/prims/jni.cpp, line 709]
Event: 2.396 Thread 0x00007fab54825800 Exception <a 'java/lang/NullPointerException'> (0x000000079558ea50) thrown at [/HUDSON3/workspace/8-2-build-macosx-x86_64/jdk8u66/4988/hotspot/src/share/vm/interpreter/linkResolver.cpp, line 1178]
Event: 2.657 Thread 0x00007fab54825800 Exception <a 'java/lang/NullPointerException'> (0x0000000795586c98) thrown at [/HUDSON3/workspace/8-2-build-macosx-x86_64/jdk8u66/4988/hotspot/src/share/vm/interpreter/linkResolver.cpp, line 1178]
Event: 8480.476 Thread 0x00007fab548ec800 Implicit null exception at 0x0000000109d24ecc to 0x0000000109d25071

Events (10 events):
Event: 73485.813 Thread 0x00007fab5483f800 flushing nmethod 0x0000000109ef6390
Event: 73485.813 Thread 0x00007fab5483f800 flushing nmethod 0x0000000109f13810
Event: 73492.615 Thread 0x00007fab5483e000 flushing nmethod 0x0000000109f60150
Event: 73492.615 Thread 0x00007fab5483e000 flushing nmethod 0x0000000109f663d0
Event: 73493.092 Thread 0x00007fab5483f800 flushing nmethod 0x0000000109fccb90
Event: 73493.756 Executing VM operation: ParallelGCSystemGC
Event: 73493.818 Executing VM operation: ParallelGCSystemGC done
Event: 73493.820 Thread 0x00007fab54ad6000 Uncommon trap: trap_request=0xffffff65 fr.pc=0x000000010a2938e0
Event: 73493.820 Thread 0x00007fab54ad6000 DEOPT PACKING pc=0x000000010a2938e0 sp=0x0000000186609450
Event: 73493.820 Thread 0x00007fab54ad6000 DEOPT UNPACKING pc=0x0000000109a8e229 sp=0x0000000186609400 mode 2


Dynamic libraries:
0x0000000000dca000 	/System/Library/Frameworks/Cocoa.framework/Versions/A/Cocoa
0x0000000000dca000 	/System/Library/Frameworks/Security.framework/Versions/A/Security
0x0000000000dca000 	/System/Library/Frameworks/ApplicationServices.framework/Versions/A/ApplicationServices
0x0000000000dca000 	/usr/lib/libz.1.dylib
0x0000000000dca000 	/usr/lib/libSystem.B.dylib
0x0000000000dca000 	/usr/lib/libobjc.A.dylib
0x0000000000dca000 	/System/Library/Frameworks/CoreFoundation.framework/Versions/A/CoreFoundation
0x0000000000dca000 	/System/Library/Frameworks/Foundation.framework/Versions/C/Foundation
0x0000000000dca000 	/System/Library/Frameworks/AppKit.framework/Versions/C/AppKit
0x0000000000dca000 	/System/Library/Frameworks/CoreData.framework/Versions/A/CoreData
0x0000000000dca000 	/System/Library/PrivateFrameworks/RemoteViewServices.framework/Versions/A/RemoteViewServices
0x0000000000dca000 	/System/Library/PrivateFrameworks/UIFoundation.framework/Versions/A/UIFoundation
0x0000000000dca000 	/System/Library/Frameworks/IOSurface.framework/Versions/A/IOSurface
0x0000000000dca000 	/System/Library/Frameworks/AudioToolbox.framework/Versions/A/AudioToolbox
0x0000000000dca000 	/System/Library/Frameworks/AudioUnit.framework/Versions/A/AudioUnit
0x0000000000dca000 	/System/Library/PrivateFrameworks/DataDetectorsCore.framework/Versions/A/DataDetectorsCore
0x0000000000dca000 	/System/Library/PrivateFrameworks/DesktopServicesPriv.framework/Versions/A/DesktopServicesPriv
0x0000000000dca000 	/System/Library/Frameworks/Carbon.framework/Versions/A/Frameworks/HIToolbox.framework/Versions/A/HIToolbox
0x0000000000dca000 	/System/Library/Frameworks/QuartzCore.framework/Versions/A/QuartzCore
0x0000000000dca000 	/System/Library/Frameworks/Carbon.framework/Versions/A/Frameworks/SpeechRecognition.framework/Versions/A/SpeechRecognition
0x0000000000dca000 	/usr/lib/libauto.dylib
0x0000000000dca000 	/usr/lib/libicucore.A.dylib
0x0000000000dca000 	/usr/lib/libxml2.2.dylib
0x0000000000dca000 	/System/Library/PrivateFrameworks/CoreUI.framework/Versions/A/CoreUI
0x0000000000dca000 	/System/Library/Frameworks/CoreAudio.framework/Versions/A/CoreAudio
0x0000000000dca000 	/System/Library/Frameworks/DiskArbitration.framework/Versions/A/DiskArbitration
0x0000000000dca000 	/usr/lib/liblangid.dylib
0x0000000000dca000 	/System/Library/PrivateFrameworks/MultitouchSupport.framework/Versions/A/MultitouchSupport
0x0000000000dca000 	/System/Library/Frameworks/IOKit.framework/Versions/A/IOKit
0x0000000000dca000 	/usr/lib/libDiagnosticMessagesClient.dylib
0x0000000000dca000 	/System/Library/Frameworks/CoreServices.framework/Versions/A/CoreServices
0x0000000000dca000 	/System/Library/PrivateFrameworks/PerformanceAnalysis.framework/Versions/A/PerformanceAnalysis
0x0000000000dca000 	/System/Library/PrivateFrameworks/GenerationalStorage.framework/Versions/A/GenerationalStorage
0x0000000000dca000 	/System/Library/Frameworks/OpenGL.framework/Versions/A/OpenGL
0x0000000000dca000 	/System/Library/PrivateFrameworks/Sharing.framework/Versions/A/Sharing
0x0000000000dca000 	/System/Library/Frameworks/CoreGraphics.framework/Versions/A/CoreGraphics
0x0000000000dca000 	/System/Library/Frameworks/CoreText.framework/Versions/A/CoreText
0x0000000000dca000 	/System/Library/Frameworks/ImageIO.framework/Versions/A/ImageIO
0x0000000000dca000 	/usr/lib/libextension.dylib
0x0000000000dca000 	/System/Library/PrivateFrameworks/Backup.framework/Versions/A/Backup
0x0000000000dca000 	/usr/lib/libarchive.2.dylib
0x0000000000dca000 	/System/Library/Frameworks/CFNetwork.framework/Versions/A/CFNetwork
0x0000000000dca000 	/System/Library/Frameworks/SystemConfiguration.framework/Versions/A/SystemConfiguration
0x0000000000dca000 	/usr/lib/libCRFSuite.dylib
0x0000000000dca000 	/usr/lib/libc++.1.dylib
0x0000000000dca000 	/usr/lib/libc++abi.dylib
0x0000000000dca000 	/usr/lib/system/libcache.dylib
0x0000000000dca000 	/usr/lib/system/libcommonCrypto.dylib
0x0000000000dca000 	/usr/lib/system/libcompiler_rt.dylib
0x0000000000dca000 	/usr/lib/system/libcopyfile.dylib
0x0000000000dca000 	/usr/lib/system/libcorecrypto.dylib
0x0000000000dca000 	/usr/lib/system/libdispatch.dylib
0x0000000000dca000 	/usr/lib/system/libdyld.dylib
0x0000000000dca000 	/usr/lib/system/libkeymgr.dylib
0x0000000000dca000 	/usr/lib/system/liblaunch.dylib
0x0000000000dca000 	/usr/lib/system/libmacho.dylib
0x0000000000dca000 	/usr/lib/system/libquarantine.dylib
0x0000000000dca000 	/usr/lib/system/libremovefile.dylib
0x0000000000dca000 	/usr/lib/system/libsystem_asl.dylib
0x0000000000dca000 	/usr/lib/system/libsystem_blocks.dylib
0x0000000000dca000 	/usr/lib/system/libsystem_c.dylib
0x0000000000dca000 	/usr/lib/system/libsystem_configuration.dylib
0x0000000000dca000 	/usr/lib/system/libsystem_coreservices.dylib
0x0000000000dca000 	/usr/lib/system/libsystem_coretls.dylib
0x0000000000dca000 	/usr/lib/system/libsystem_dnssd.dylib
0x0000000000dca000 	/usr/lib/system/libsystem_info.dylib
0x0000000000dca000 	/usr/lib/system/libsystem_kernel.dylib
0x0000000000dca000 	/usr/lib/system/libsystem_m.dylib
0x0000000000dca000 	/usr/lib/system/libsystem_malloc.dylib
0x0000000000dca000 	/usr/lib/system/libsystem_network.dylib
0x0000000000dca000 	/usr/lib/system/libsystem_networkextension.dylib
0x0000000000dca000 	/usr/lib/system/libsystem_notify.dylib
0x0000000000dca000 	/usr/lib/system/libsystem_platform.dylib
0x0000000000dca000 	/usr/lib/system/libsystem_pthread.dylib
0x0000000000dca000 	/usr/lib/system/libsystem_sandbox.dylib
0x0000000000dca000 	/usr/lib/system/libsystem_secinit.dylib
0x0000000000dca000 	/usr/lib/system/libsystem_stats.dylib
0x0000000000dca000 	/usr/lib/system/libsystem_trace.dylib
0x0000000000dca000 	/usr/lib/system/libunc.dylib
0x0000000000dca000 	/usr/lib/system/libunwind.dylib
0x0000000000dca000 	/usr/lib/system/libxpc.dylib
0x0000000000dca000 	/usr/lib/libbz2.1.0.dylib
0x0000000000dca000 	/usr/lib/liblzma.5.dylib
0x0000000000dca000 	/usr/lib/libbsm.0.dylib
0x0000000000dca000 	/usr/lib/libsqlite3.dylib
0x0000000000dca000 	/usr/lib/system/libkxld.dylib
0x0000000000dca000 	/usr/lib/libxar.1.dylib
0x0000000000dca000 	/usr/lib/libpam.2.dylib
0x0000000000dca000 	/usr/lib/libOpenScriptingUtil.dylib
0x0000000000dca000 	/System/Library/Frameworks/CoreServices.framework/Versions/A/Frameworks/FSEvents.framework/Versions/A/FSEvents
0x0000000000dca000 	/System/Library/Frameworks/CoreServices.framework/Versions/A/Frameworks/CarbonCore.framework/Versions/A/CarbonCore
0x0000000000dca000 	/System/Library/Frameworks/CoreServices.framework/Versions/A/Frameworks/Metadata.framework/Versions/A/Metadata
0x0000000000dca000 	/System/Library/Frameworks/CoreServices.framework/Versions/A/Frameworks/OSServices.framework/Versions/A/OSServices
0x0000000000dca000 	/System/Library/Frameworks/CoreServices.framework/Versions/A/Frameworks/SearchKit.framework/Versions/A/SearchKit
0x0000000000dca000 	/System/Library/Frameworks/CoreServices.framework/Versions/A/Frameworks/AE.framework/Versions/A/AE
0x0000000000dca000 	/System/Library/Frameworks/CoreServices.framework/Versions/A/Frameworks/LaunchServices.framework/Versions/A/LaunchServices
0x0000000000dca000 	/System/Library/Frameworks/CoreServices.framework/Versions/A/Frameworks/DictionaryServices.framework/Versions/A/DictionaryServices
0x0000000000dca000 	/System/Library/Frameworks/NetFS.framework/Versions/A/NetFS
0x0000000000dca000 	/System/Library/PrivateFrameworks/NetAuth.framework/Versions/A/NetAuth
0x0000000000dca000 	/System/Library/PrivateFrameworks/login.framework/Versions/A/Frameworks/loginsupport.framework/Versions/A/loginsupport
0x0000000000dca000 	/System/Library/PrivateFrameworks/TCC.framework/Versions/A/TCC
0x0000000000dca000 	/usr/lib/libmecabra.dylib
0x0000000000dca000 	/System/Library/Frameworks/ApplicationServices.framework/Versions/A/Frameworks/ATS.framework/Versions/A/ATS
0x0000000000dca000 	/System/Library/Frameworks/ApplicationServices.framework/Versions/A/Frameworks/ColorSync.framework/Versions/A/ColorSync
0x0000000000dca000 	/System/Library/Frameworks/ApplicationServices.framework/Versions/A/Frameworks/HIServices.framework/Versions/A/HIServices
0x0000000000dca000 	/System/Library/Frameworks/ApplicationServices.framework/Versions/A/Frameworks/LangAnalysis.framework/Versions/A/LangAnalysis
0x0000000000dca000 	/System/Library/Frameworks/ApplicationServices.framework/Versions/A/Frameworks/PrintCore.framework/Versions/A/PrintCore
0x0000000000dca000 	/System/Library/Frameworks/ApplicationServices.framework/Versions/A/Frameworks/QD.framework/Versions/A/QD
0x0000000000dca000 	/System/Library/Frameworks/ApplicationServices.framework/Versions/A/Frameworks/SpeechSynthesis.framework/Versions/A/SpeechSynthesis
0x0000000000dca000 	/System/Library/Frameworks/Accelerate.framework/Versions/A/Accelerate
0x0000000000dca000 	/System/Library/Frameworks/Accelerate.framework/Versions/A/Frameworks/vImage.framework/Versions/A/vImage
0x0000000000dca000 	/System/Library/Frameworks/Accelerate.framework/Versions/A/Frameworks/vecLib.framework/Versions/A/vecLib
0x0000000000dca000 	/System/Library/Frameworks/Accelerate.framework/Versions/A/Frameworks/vecLib.framework/Versions/A/libvDSP.dylib
0x0000000000dca000 	/System/Library/Frameworks/Accelerate.framework/Versions/A/Frameworks/vecLib.framework/Versions/A/libvMisc.dylib
0x0000000000dca000 	/System/Library/Frameworks/Accelerate.framework/Versions/A/Frameworks/vecLib.framework/Versions/A/libLAPACK.dylib
0x0000000000dca000 	/System/Library/Frameworks/Accelerate.framework/Versions/A/Frameworks/vecLib.framework/Versions/A/libBLAS.dylib
0x0000000000dca000 	/System/Library/Frameworks/Accelerate.framework/Versions/A/Frameworks/vecLib.framework/Versions/A/libLinearAlgebra.dylib
0x0000000000dca000 	/System/Library/Frameworks/ApplicationServices.framework/Versions/A/Frameworks/ATS.framework/Versions/A/Resources/libFontParser.dylib
0x0000000000dca000 	/System/Library/Frameworks/ApplicationServices.framework/Versions/A/Frameworks/ATS.framework/Versions/A/Resources/libFontRegistry.dylib
0x0000000000dca000 	/System/Library/PrivateFrameworks/AppleVPA.framework/Versions/A/AppleVPA
0x0000000000dca000 	/System/Library/PrivateFrameworks/AppleJPEG.framework/Versions/A/AppleJPEG
0x0000000000dca000 	/System/Library/Frameworks/ImageIO.framework/Versions/A/Resources/libJPEG.dylib
0x0000000000dca000 	/System/Library/Frameworks/ImageIO.framework/Versions/A/Resources/libTIFF.dylib
0x0000000000dca000 	/System/Library/Frameworks/ImageIO.framework/Versions/A/Resources/libPng.dylib
0x0000000000dca000 	/System/Library/Frameworks/ImageIO.framework/Versions/A/Resources/libGIF.dylib
0x0000000000dca000 	/System/Library/Frameworks/ImageIO.framework/Versions/A/Resources/libJP2.dylib
0x0000000000dca000 	/System/Library/Frameworks/ImageIO.framework/Versions/A/Resources/libRadiance.dylib
0x0000000000dca000 	/System/Library/Frameworks/CoreVideo.framework/Versions/A/CoreVideo
0x0000000000dca000 	/System/Library/Frameworks/OpenGL.framework/Versions/A/Libraries/libGLU.dylib
0x0000000000dca000 	/System/Library/Frameworks/OpenGL.framework/Versions/A/Libraries/libGFXShared.dylib
0x0000000000dca000 	/System/Library/Frameworks/OpenGL.framework/Versions/A/Libraries/libGL.dylib
0x0000000000dca000 	/System/Library/Frameworks/OpenGL.framework/Versions/A/Libraries/libGLImage.dylib
0x0000000000dca000 	/System/Library/Frameworks/OpenGL.framework/Versions/A/Libraries/libCVMSPluginSupport.dylib
0x0000000000dca000 	/System/Library/Frameworks/OpenGL.framework/Versions/A/Libraries/libCoreVMClient.dylib
0x0000000000dca000 	/usr/lib/libcups.2.dylib
0x0000000000dca000 	/System/Library/Frameworks/Kerberos.framework/Versions/A/Kerberos
0x0000000000dca000 	/System/Library/Frameworks/GSS.framework/Versions/A/GSS
0x0000000000dca000 	/usr/lib/libresolv.9.dylib
0x0000000000dca000 	/usr/lib/libiconv.2.dylib
0x0000000000dca000 	/System/Library/PrivateFrameworks/Heimdal.framework/Versions/A/Heimdal
0x0000000000dca000 	/usr/lib/libheimdal-asn1.dylib
0x0000000000dca000 	/System/Library/Frameworks/OpenDirectory.framework/Versions/A/OpenDirectory
0x0000000000dca000 	/System/Library/PrivateFrameworks/CommonAuth.framework/Versions/A/CommonAuth
0x0000000000dca000 	/System/Library/Frameworks/OpenDirectory.framework/Versions/A/Frameworks/CFOpenDirectory.framework/Versions/A/CFOpenDirectory
0x0000000000dca000 	/System/Library/Frameworks/SecurityFoundation.framework/Versions/A/SecurityFoundation
0x0000000000dca000 	/System/Library/PrivateFrameworks/LanguageModeling.framework/Versions/A/LanguageModeling
0x0000000000dca000 	/usr/lib/libcmph.dylib
0x0000000000dca000 	/System/Library/Frameworks/ServiceManagement.framework/Versions/A/ServiceManagement
0x0000000000dca000 	/usr/lib/libxslt.1.dylib
0x0000000000dca000 	/System/Library/Frameworks/Carbon.framework/Versions/A/Frameworks/Ink.framework/Versions/A/Ink
0x0000000000dca000 	/System/Library/Frameworks/QuartzCore.framework/Versions/A/Frameworks/CoreImage.framework/Versions/A/CoreImage
0x0000000000dca000 	/System/Library/PrivateFrameworks/CrashReporterSupport.framework/Versions/A/CrashReporterSupport
0x0000000000dca000 	/System/Library/Frameworks/OpenCL.framework/Versions/A/OpenCL
0x0000000000dca000 	/System/Library/PrivateFrameworks/FaceCore.framework/Versions/A/FaceCore
0x0000000000dca000 	/System/Library/PrivateFrameworks/Ubiquity.framework/Versions/A/Ubiquity
0x0000000000dca000 	/System/Library/PrivateFrameworks/IconServices.framework/Versions/A/IconServices
0x0000000000dca000 	/System/Library/PrivateFrameworks/ChunkingLibrary.framework/Versions/A/ChunkingLibrary
0x0000000000dca000 	/System/Library/PrivateFrameworks/Apple80211.framework/Versions/A/Apple80211
0x0000000000dca000 	/System/Library/Frameworks/CoreWLAN.framework/Versions/A/CoreWLAN
0x0000000000dca000 	/System/Library/Frameworks/IOBluetooth.framework/Versions/A/IOBluetooth
0x0000000000dca000 	/System/Library/PrivateFrameworks/CoreWiFi.framework/Versions/A/CoreWiFi
0x0000000000dca000 	/System/Library/Frameworks/CoreBluetooth.framework/Versions/A/CoreBluetooth
0x0000000000dca000 	/System/Library/PrivateFrameworks/DebugSymbols.framework/Versions/A/DebugSymbols
0x0000000000dca000 	/System/Library/PrivateFrameworks/CoreSymbolication.framework/Versions/A/CoreSymbolication
0x0000000000dca000 	/System/Library/PrivateFrameworks/Symbolication.framework/Versions/A/Symbolication
0x0000000000dca000 	/System/Library/PrivateFrameworks/SpeechRecognitionCore.framework/Versions/A/SpeechRecognitionCore
0x0000000108a00000 	/Library/Java/JavaVirtualMachines/jdk1.8.0_66.jdk/Contents/Home/jre/lib/server/libjvm.dylib
0x0000000000dca000 	/usr/lib/libstdc++.6.dylib
0x000000010810c000 	/Library/Java/JavaVirtualMachines/jdk1.8.0_66.jdk/Contents/Home/jre/lib/libverify.dylib
0x000000010811a000 	/Library/Java/JavaVirtualMachines/jdk1.8.0_66.jdk/Contents/Home/jre/lib/libjava.dylib
0x0000000108159000 	/Library/Java/JavaVirtualMachines/jdk1.8.0_66.jdk/Contents/Home/jre/lib/libzip.dylib
0x000000011fa70000 	/System/Library/Frameworks/JavaVM.framework/Frameworks/JavaRuntimeSupport.framework/JavaRuntimeSupport
0x000000011fa8b000 	/System/Library/Frameworks/JavaVM.framework/Versions/A/Frameworks/JavaNativeFoundation.framework/Versions/A/JavaNativeFoundation
0x00000001081f3000 	/System/Library/Frameworks/JavaVM.framework/Versions/A/JavaVM
0x0000000000dca000 	/System/Library/Frameworks/Carbon.framework/Versions/A/Carbon
0x000000011faa0000 	/System/Library/PrivateFrameworks/JavaLaunching.framework/Versions/A/JavaLaunching
0x0000000000dca000 	/System/Library/Frameworks/Carbon.framework/Versions/A/Frameworks/CommonPanels.framework/Versions/A/CommonPanels
0x0000000000dca000 	/System/Library/Frameworks/Carbon.framework/Versions/A/Frameworks/Help.framework/Versions/A/Help
0x0000000000dca000 	/System/Library/Frameworks/Carbon.framework/Versions/A/Frameworks/ImageCapture.framework/Versions/A/ImageCapture
0x0000000000dca000 	/System/Library/Frameworks/Carbon.framework/Versions/A/Frameworks/OpenScripting.framework/Versions/A/OpenScripting
0x0000000000dca000 	/System/Library/Frameworks/Carbon.framework/Versions/A/Frameworks/Print.framework/Versions/A/Print
0x0000000000dca000 	/System/Library/Frameworks/Carbon.framework/Versions/A/Frameworks/SecurityHI.framework/Versions/A/SecurityHI
0x00000001219e7000 	/Library/Java/JavaVirtualMachines/jdk1.8.0_66.jdk/Contents/Home/jre/lib/libawt.dylib
0x0000000121a8f000 	/Library/Java/JavaVirtualMachines/jdk1.8.0_66.jdk/Contents/Home/jre/lib/./libmlib_image.dylib
0x0000000121b5b000 	/Library/Java/JavaVirtualMachines/jdk1.8.0_66.jdk/Contents/Home/jre/lib/libawt_lwawt.dylib
0x0000000121c10000 	/Library/Java/JavaVirtualMachines/jdk1.8.0_66.jdk/Contents/Home/jre/lib/./libosxapp.dylib
0x0000000000dca000 	/System/Library/Frameworks/ExceptionHandling.framework/Versions/A/ExceptionHandling
0x0000000000dca000 	/System/Library/PrivateFrameworks/CoreServicesInternal.framework/Versions/A/CoreServicesInternal
0x0000000000dca000 	/System/Library/PrivateFrameworks/CloudDocs.framework/Versions/A/CloudDocs
0x0000000000dca000 	/System/Library/PrivateFrameworks/CoreDuet.framework/Versions/A/CoreDuet
0x0000000000dca000 	/System/Library/Frameworks/CloudKit.framework/Versions/A/CloudKit
0x0000000000dca000 	/System/Library/PrivateFrameworks/ProtocolBuffer.framework/Versions/A/ProtocolBuffer
0x0000000000dca000 	/System/Library/PrivateFrameworks/CoreDuetDaemonProtocol.framework/Versions/A/CoreDuetDaemonProtocol
0x0000000000dca000 	/System/Library/PrivateFrameworks/CoreDuetDebugLogging.framework/Versions/A/CoreDuetDebugLogging
0x0000000000dca000 	/System/Library/PrivateFrameworks/MMCS.framework/Versions/A/MMCS
0x0000000000dca000 	/System/Library/Frameworks/CoreLocation.framework/Versions/A/CoreLocation
0x0000000000dca000 	/System/Library/PrivateFrameworks/ProtectedCloudStorage.framework/Versions/A/ProtectedCloudStorage
0x0000000000dca000 	/System/Library/PrivateFrameworks/GeoServices.framework/Versions/A/GeoServices
0x0000000000dca000 	/System/Library/Frameworks/CoreGraphics.framework/Versions/A/Resources/libCGCMS.A.dylib
0x0000000000dca000 	/System/Library/Frameworks/CoreGraphics.framework/Versions/A/Resources/libRIP.A.dylib
0x0000000000dca000 	/System/Library/Frameworks/CoreGraphics.framework/Versions/A/Resources/libCGXType.A.dylib
0x0000000000dca000 	/System/Library/Frameworks/OpenCL.framework/Versions/A/Libraries/libcldcpuengine.dylib
0x0000000000dca000 	/System/Library/PrivateFrameworks/DiskImages.framework/Versions/A/DiskImages
0x0000000000dca000 	/System/Library/Frameworks/DiscRecording.framework/Versions/A/DiscRecording
0x0000000000dca000 	/usr/lib/libcsfde.dylib
0x0000000000dca000 	/usr/lib/libcurl.4.dylib
0x0000000000dca000 	/System/Library/PrivateFrameworks/MediaKit.framework/Versions/A/MediaKit
0x0000000000dca000 	/usr/lib/libCoreStorage.dylib
0x0000000000dca000 	/System/Library/PrivateFrameworks/EFILogin.framework/Versions/A/EFILogin
0x0000000000dca000 	/usr/lib/libutil.dylib
0x0000000000dca000 	/System/Library/PrivateFrameworks/FindMyDevice.framework/Versions/A/FindMyDevice
0x0000000000dca000 	/System/Library/Frameworks/LDAP.framework/Versions/A/LDAP
0x0000000000dca000 	/usr/lib/libsasl2.2.dylib
0x0000000000dca000 	/System/Library/PrivateFrameworks/CoreDaemon.framework/Versions/B/CoreDaemon
0x0000000000dca000 	/usr/lib/libcrypto.0.9.8.dylib
0x0000000000dca000 	/System/Library/PrivateFrameworks/AppleSRP.framework/Versions/A/AppleSRP
0x0000000000dca000 	/System/Library/PrivateFrameworks/TrustEvaluationAgent.framework/Versions/A/TrustEvaluationAgent
0x0000000124b26000 	cl_kernels
0x0000000124b28000 	/System/Library/Frameworks/OpenCL.framework/Versions/A/Libraries/ImageFormats/unorm8_bgra.dylib
0x0000000124b17000 	cl_kernels
0x0000000000dca000 	/System/Library/PrivateFrameworks/FamilyControls.framework/Versions/A/FamilyControls
0x0000000000dca000 	/System/Library/PrivateFrameworks/CommerceKit.framework/Versions/A/Frameworks/CommerceCore.framework/Versions/A/CommerceCore
0x0000000000dca000 	/System/Library/PrivateFrameworks/SystemAdministration.framework/Versions/A/SystemAdministration
0x0000000000dca000 	/System/Library/PrivateFrameworks/AppContainer.framework/Versions/A/AppContainer
0x0000000000dca000 	/System/Library/PrivateFrameworks/SecCodeWrapper.framework/Versions/A/SecCodeWrapper
0x0000000000dca000 	/System/Library/Frameworks/DirectoryService.framework/Versions/A/DirectoryService
0x0000000000dca000 	/System/Library/PrivateFrameworks/LoginUIKit.framework/Versions/A/Frameworks/LoginUICore.framework/Versions/A/LoginUICore
0x0000000000dca000 	/usr/lib/libodfde.dylib
0x0000000000dca000 	/System/Library/Frameworks/OpenGL.framework/Versions/A/Resources/GLEngine.bundle/GLEngine
0x0000000000dca000 	/System/Library/Frameworks/OpenGL.framework/Versions/A/Libraries/libGLProgrammability.dylib
0x0000000000000000 	/System/Library/Extensions/AppleIntelHD4000GraphicsGLDriver.bundle/Contents/MacOS/AppleIntelHD4000GraphicsGLDriver
0x0000000000dca000 	/System/Library/PrivateFrameworks/IOAccelerator.framework/Versions/A/IOAccelerator
0x0000000000dca000 	/System/Library/PrivateFrameworks/GPUSupport.framework/Versions/A/Libraries/libGPUSupportMercury.dylib
0x0000000000dca000 	/System/Library/Frameworks/OpenGL.framework/Versions/A/Resources/GLRendererFloat.bundle/GLRendererFloat
0x0000000126837000 	/Library/Java/JavaVirtualMachines/jdk1.8.0_66.jdk/Contents/Home/jre/lib/libfontmanager.dylib
0x0000000126b6c000 	/Library/Java/JavaVirtualMachines/jdk1.8.0_66.jdk/Contents/Home/jre/lib/libnet.dylib
0x00000001268b1000 	/Library/Java/JavaVirtualMachines/jdk1.8.0_66.jdk/Contents/Home/jre/lib/libnio.dylib
0x0000000000dca000 	/System/Library/Frameworks/ApplicationServices.framework/Versions/A/Frameworks/ATS.framework/Versions/A/Resources/libTrueTypeScaler.dylib
0x0000000186019000 	/Library/Java/JavaVirtualMachines/jdk1.8.0_66.jdk/Contents/Home/jre/lib/libosxui.dylib
0x0000000000dca000 	/System/Library/Frameworks/Accelerate.framework/Versions/A/Frameworks/vImage.framework/Versions/A/Libraries/libCGInterfaces.dylib
0x0000000000dca000 	/System/Library/PrivateFrameworks/Shortcut.framework/Versions/A/Shortcut
0x0000000000dca000 	/System/Library/PrivateFrameworks/HelpData.framework/Versions/A/HelpData
0x0000000000dca000 	/usr/lib/libtidy.A.dylib
0x0000000000dca000 	/System/Library/CoreServices/RawCamera.bundle/Contents/MacOS/RawCamera

VM Arguments:
jvm_args: -Xms8m 
java_command: org.hsqldb.util.DatabaseManager
java_class_path (initial): /Users/falquet/tomcat-7/webapps/lazy/hsqldb/lib/hsqldb.jar
Launcher Type: SUN_STANDARD

Environment Variables:
CLASSPATH=/Users/falquet/bin/antlr-4.2-complete.jar:
PATH=//anaconda/bin:/Library/Frameworks/Python.framework/Versions/3.5/bin:/Library/Internet\ Plug-ins/JavaAppletPlugin.plugin/Contents/Home/bin/:/Library/Frameworks/Python.framework/Versions/2.7/bin:/opt/local/bin:/opt/local/sbin:/opt/local/bin:/opt/local/sbin:/Library/Frameworks/Python.framework/Versions/2.7/bin:/sw/bin:/sw/sbin:/opt/local/bin:/opt/local/sbin:/Applications/liftweb-1.0.1/apache-maven/bin:.:/Users/falquet/bin:/Users/falquet/Applications/scripts/:/bin:/Users/falquet/Applications/scala-2.11.4/bin:/usr/local/bin:/usr/bin:/bin:/usr/sbin:/sbin:/opt/X11/bin:/usr/local/git/bin:/usr/local/MacGPG2/bin:/Library/TeX/texbin:/usr/X11/bin:/usr/local/mysql/bin/:/Users/falquet/Applications/stardog-0.9.5/:/Users/falquet/Applications/scala-2.9.1.final/bin:/Applications/MacPorts/Eiffel72/studio/spec/macosx-x86-64/bin:/Applications/MacPorts/Eiffel72/library/gobo/svn/../spec/macosx-x86-64/bin:/Users/falquet/tomcat-7/webapps/lazy/bin:.
SHELL=/bin/bash
DISPLAY=/private/tmp/com.apple.launchd.RPBSu7tsWa/org.macosforge.xquartz:0

Signal Handlers:
SIGSEGV: [libjvm.dylib+0x5a65d5], sa_mask[0]=11111111011111110111111111111111, sa_flags=SA_ONSTACK|SA_RESTART|SA_SIGINFO
SIGBUS: [libjvm.dylib+0x5a65d5], sa_mask[0]=11111111011111110111111111111111, sa_flags=SA_RESTART|SA_SIGINFO
SIGFPE: [libjvm.dylib+0x4802e8], sa_mask[0]=11111111011111110111111111111111, sa_flags=SA_RESTART|SA_SIGINFO
SIGPIPE: [libjvm.dylib+0x4802e8], sa_mask[0]=11111111011111110111111111111111, sa_flags=SA_RESTART|SA_SIGINFO
SIGXFSZ: [libjvm.dylib+0x4802e8], sa_mask[0]=11111111011111110111111111111111, sa_flags=SA_RESTART|SA_SIGINFO
SIGILL: [libjvm.dylib+0x4802e8], sa_mask[0]=11111111011111110111111111111111, sa_flags=SA_RESTART|SA_SIGINFO
SIGUSR1: SIG_DFL, sa_mask[0]=11011111011111100000000111000110, sa_flags=none
SIGUSR2: [libjvm.dylib+0x47fe06], sa_mask[0]=00000000000000000000000000000000, sa_flags=SA_RESTART|SA_SIGINFO
SIGHUP: [libjvm.dylib+0x47e3dd], sa_mask[0]=11111111011111110111111111111111, sa_flags=SA_RESTART|SA_SIGINFO
SIGINT: [libjvm.dylib+0x47e3dd], sa_mask[0]=11111111011111110111111111111111, sa_flags=SA_RESTART|SA_SIGINFO
SIGTERM: [libjvm.dylib+0x47e3dd], sa_mask[0]=11111111011111110111111111111111, sa_flags=SA_RESTART|SA_SIGINFO
SIGQUIT: [libjvm.dylib+0x47e3dd], sa_mask[0]=11111111011111110111111111111111, sa_flags=SA_RESTART|SA_SIGINFO


---------------  S Y S T E M  ---------------

OS:Bsduname:Darwin 14.4.0 Darwin Kernel Version 14.4.0: Thu May 28 11:35:04 PDT 2015; root:xnu-2782.30.5~1/RELEASE_X86_64 x86_64
rlimit: STACK 8192k, CORE 0k, NPROC 709, NOFILE 10240, AS infinity
load average:1.97 1.98 1.97

CPU:total 4 (2 cores per cpu, 2 threads per core) family 6 model 58 stepping 9, cmov, cx8, fxsr, mmx, sse, sse2, sse3, ssse3, sse4.1, sse4.2, popcnt, avx, aes, clmul, erms, ht, tsc, tscinvbit, tscinv

Memory: 4k page, physical 8388608k(35288k free)

/proc/meminfo:


vm_info: Java HotSpot(TM) 64-Bit Server VM (25.66-b17) for bsd-amd64 JRE (1.8.0_66-b17), built on Oct  6 2015 16:09:13 by "java_re" with gcc 4.2.1 (Based on Apple Inc. build 5658) (LLVM build 2336.11.00)

time: Sat Dec  3 17:49:21 2016
elapsed time: 73493 seconds (0d 20h 24m 53s)

